#
# There is insufficient memory for the Java Runtime Environment to continue.
# Native memory allocation (mmap) failed to map 264241152 bytes for G1 virtual space
# Possible reasons:
#   The system is out of physical RAM or swap space
#   The process is running with CompressedOops enabled, and the Java Heap may be blocking the growth of the native heap
# Possible solutions:
#   Reduce memory load on the system
#   Increase physical memory or swap space
#   Check if swap backing store is full
#   Decrease Java heap size (-Xmx/-Xms)
#   Decrease number of Java threads
#   Decrease Java thread stack sizes (-Xss)
#   Set larger code cache with -XX:ReservedCodeCacheSize=
#   JVM is running with Zero Based Compressed Oops mode in which the Java heap is
#     placed in the first 32GB address space. The Java Heap base address is the
#     maximum limit for the native heap growth. Please use -XX:HeapBaseMinAddress
#     to set the Java Heap base and to place the Java Heap above 32GB virtual address.
# This output file may be truncated or incomplete.
#
#  Out of Memory Error (os_windows.cpp:3829), pid=11700, tid=11936
#
# JRE version:  (17.0.8+7) (build )
# Java VM: OpenJDK 64-Bit Server VM (17.0.8+7-b1000.22, mixed mode, sharing, tiered, compressed oops, compressed class ptrs, g1 gc, windows-amd64)
# No core dump will be written. Minidumps are not enabled by default on client versions of Windows
#

---------------  S U M M A R Y ------------

Command Line: git4idea.http.GitAskPassApp Username for 'https://github.com': 

Host: 12th Gen Intel(R) Core(TM) i7-1255U, 12 cores, 15G,  Windows 11 , 64 bit Build 22621 (10.0.22621.2506)
Time: Mon Dec  4 17:36:15 2023  Windows 11 , 64 bit Build 22621 (10.0.22621.2506) elapsed time: 0.009222 seconds (0d 0h 0m 0s)

---------------  T H R E A D  ---------------

Current thread (0x0000020e31974f60):  JavaThread "Unknown thread" [_thread_in_vm, id=11936, stack(0x0000008680000000,0x0000008680100000)]

Stack: [0x0000008680000000,0x0000008680100000]
Native frames: (J=compiled Java code, j=interpreted, Vv=VM code, C=native code)
V  [jvm.dll+0x6852da]
V  [jvm.dll+0x844c84]
V  [jvm.dll+0x84659e]
V  [jvm.dll+0x846c03]
V  [jvm.dll+0x24b7cf]
V  [jvm.dll+0x682049]
V  [jvm.dll+0x67671a]
V  [jvm.dll+0x30be2b]
V  [jvm.dll+0x3132d6]
V  [jvm.dll+0x36302e]
V  [jvm.dll+0x36325f]
V  [jvm.dll+0x2e1f48]
V  [jvm.dll+0x2e2eb4]
V  [jvm.dll+0x815c11]
V  [jvm.dll+0x370df1]
V  [jvm.dll+0x7f4fdc]
V  [jvm.dll+0x3f3f1f]
V  [jvm.dll+0x3f5b31]
C  [jli.dll+0x528f]
C  [ucrtbase.dll+0x29363]
C  [KERNEL32.DLL+0x1257d]
C  [ntdll.dll+0x5aa58]


---------------  P R O C E S S  ---------------

Threads class SMR info:
_java_thread_list=0x00007ff813760098, length=0, elements={
}

Java Threads: ( => current thread )

Other Threads:
  0x0000020e319e0570 GCTaskThread "GC Thread#0" [stack: 0x0000008680100000,0x0000008680200000] [id=10148]
  0x0000020e319f1010 ConcurrentGCThread "G1 Main Marker" [stack: 0x0000008680200000,0x0000008680300000] [id=13440]
  0x0000020e319f1a20 ConcurrentGCThread "G1 Conc#0" [stack: 0x0000008680300000,0x0000008680400000] [id=16484]

[error occurred during error reporting (printing all threads), id 0xc0000005, EXCEPTION_ACCESS_VIOLATION (0xc0000005) at pc=0x00007ff812f12ab7]

VM state: not at safepoint (not fully initialized)

VM Mutex/Monitor currently owned by a thread:  ([mutex/lock_event])
[0x0000020e3196f600] Heap_lock - owner thread: 0x0000020e31974f60

Heap address: 0x0000000704a00000, size: 4022 MB, Compressed Oops mode: Zero based, Oop shift amount: 3

CDS archive(s) mapped at: [0x0000000000000000-0x0000000000000000-0x0000000000000000), size 0, SharedBaseAddress: 0x0000000800000000, ArchiveRelocationMode: 1.
Narrow klass base: 0x0000000000000000, Narrow klass shift: 0, Narrow klass range: 0x0

GC Precious Log:
<Empty>

Heap:
 garbage-first heap   total 0K, used 0K [0x0000000704a00000, 0x0000000800000000)
  region size 2048K, 0 young (0K), 0 survivors (0K)
 Metaspace       used 0K, committed 0K, reserved 0K
  class space    used 0K, committed 0K, reserved 0K

Heap Regions: E=young(eden), S=young(survivor), O=old, HS=humongous(starts), HC=humongous(continues), CS=collection set, F=free, OA=open archive, CA=closed archive, TAMS=top-at-mark-start (previous, next)

Card table byte_map: [0x0000020e44e10000,0x0000020e455f0000] _byte_map_base: 0x0000020e415eb000

Marking Bits (Prev, Next): (CMBitMap*) 0x0000020e319e0b90, (CMBitMap*) 0x0000020e319e0bd0
 Prev Bits: [0x0000020e45dd0000, 0x0000020e49ca8000)
 Next Bits: [0x0000020e49cb0000, 0x0000020e4db88000)

GC Heap History (0 events):
No events

Dll operation events (1 events):
Event: 0.007 Loaded shared library D:\IntelliJ IDEA 2023.2.2\IntelliJ IDEA 2023.2.2\jbr\bin\java.dll

Deoptimization events (0 events):
No events

Classes unloaded (0 events):
No events

Classes redefined (0 events):
No events

Internal exceptions (0 events):
No events

VM Operations (0 events):
No events

Events (0 events):
No events


Dynamic libraries:
0x00007ff6fa210000 - 0x00007ff6fa21a000 	D:\IntelliJ IDEA 2023.2.2\IntelliJ IDEA 2023.2.2\jbr\bin\java.exe
0x00007ff885ad0000 - 0x00007ff885ce7000 	C:\windows\SYSTEM32\ntdll.dll
0x00007ff8845d0000 - 0x00007ff884694000 	C:\windows\System32\KERNEL32.DLL
0x00007ff883180000 - 0x00007ff883525000 	C:\windows\System32\KERNELBASE.dll
0x00007ff883700000 - 0x00007ff883811000 	C:\windows\System32\ucrtbase.dll
0x00007ff818980000 - 0x00007ff818997000 	D:\IntelliJ IDEA 2023.2.2\IntelliJ IDEA 2023.2.2\jbr\bin\jli.dll
0x00007ff87f8b0000 - 0x00007ff87f8cb000 	D:\IntelliJ IDEA 2023.2.2\IntelliJ IDEA 2023.2.2\jbr\bin\VCRUNTIME140.dll
0x00007ff885660000 - 0x00007ff88580e000 	C:\windows\System32\USER32.dll
0x00007ff882e40000 - 0x00007ff882e66000 	C:\windows\System32\win32u.dll
0x00007ff884740000 - 0x00007ff884769000 	C:\windows\System32\GDI32.dll
0x00007ff882ef0000 - 0x00007ff883009000 	C:\windows\System32\gdi32full.dll
0x00007ff8835f0000 - 0x00007ff88368a000 	C:\windows\System32\msvcp_win.dll
0x00007ff86b3b0000 - 0x00007ff86b643000 	C:\windows\WinSxS\amd64_microsoft.windows.common-controls_6595b64144ccf1df_6.0.22621.2506_none_270c5ae97388e100\COMCTL32.dll
0x00007ff8838a0000 - 0x00007ff883947000 	C:\windows\System32\msvcrt.dll
0x00007ff8846a0000 - 0x00007ff8846d1000 	C:\windows\System32\IMM32.DLL
0x00007ff87dc20000 - 0x00007ff87dc2c000 	D:\IntelliJ IDEA 2023.2.2\IntelliJ IDEA 2023.2.2\jbr\bin\vcruntime140_1.dll
0x00007ff855190000 - 0x00007ff85521d000 	D:\IntelliJ IDEA 2023.2.2\IntelliJ IDEA 2023.2.2\jbr\bin\msvcp140.dll
0x00007ff812c20000 - 0x00007ff8138a3000 	D:\IntelliJ IDEA 2023.2.2\IntelliJ IDEA 2023.2.2\jbr\bin\server\jvm.dll
0x00007ff885810000 - 0x00007ff8858c1000 	C:\windows\System32\ADVAPI32.dll
0x00007ff883a70000 - 0x00007ff883b16000 	C:\windows\System32\sechost.dll
0x00007ff885120000 - 0x00007ff885237000 	C:\windows\System32\RPCRT4.dll
0x00007ff882b60000 - 0x00007ff882bad000 	C:\windows\SYSTEM32\POWRPROF.dll
0x00007ff85b7e0000 - 0x00007ff85b7e9000 	C:\windows\SYSTEM32\WSOCK32.dll
0x00007ff883820000 - 0x00007ff883891000 	C:\windows\System32\WS2_32.dll
0x00007ff8785c0000 - 0x00007ff8785f4000 	C:\windows\SYSTEM32\WINMM.dll
0x00007ff868460000 - 0x00007ff86846a000 	C:\windows\SYSTEM32\VERSION.dll
0x00007ff882b40000 - 0x00007ff882b53000 	C:\windows\SYSTEM32\UMPDC.dll
0x00007ff881db0000 - 0x00007ff881dc8000 	C:\windows\SYSTEM32\kernel.appcore.dll
0x00007ff86a980000 - 0x00007ff86a98a000 	D:\IntelliJ IDEA 2023.2.2\IntelliJ IDEA 2023.2.2\jbr\bin\jimage.dll
0x00007ff8806e0000 - 0x00007ff880913000 	C:\windows\SYSTEM32\DBGHELP.DLL
0x00007ff8852d0000 - 0x00007ff885659000 	C:\windows\System32\combase.dll
0x00007ff8858e0000 - 0x00007ff8859b7000 	C:\windows\System32\OLEAUT32.dll
0x00007ff867120000 - 0x00007ff867152000 	C:\windows\SYSTEM32\dbgcore.DLL
0x00007ff882e70000 - 0x00007ff882eea000 	C:\windows\System32\bcryptPrimitives.dll
0x00007ff830a40000 - 0x00007ff830a65000 	D:\IntelliJ IDEA 2023.2.2\IntelliJ IDEA 2023.2.2\jbr\bin\java.dll

dbghelp: loaded successfully - version: 4.0.5 - missing functions: none
symbol engine: initialized successfully - sym options: 0x614 - pdb path: .;D:\IntelliJ IDEA 2023.2.2\IntelliJ IDEA 2023.2.2\jbr\bin;C:\windows\SYSTEM32;C:\windows\WinSxS\amd64_microsoft.windows.common-controls_6595b64144ccf1df_6.0.22621.2506_none_270c5ae97388e100;D:\IntelliJ IDEA 2023.2.2\IntelliJ IDEA 2023.2.2\jbr\bin\server

VM Arguments:
java_command: git4idea.http.GitAskPassApp Username for 'https://github.com': 
java_class_path (initial): D:/IntelliJ IDEA 2023.2.2/IntelliJ IDEA 2023.2.2/plugins/vcs-git/lib/git4idea-rt.jar;D:/IntelliJ IDEA 2023.2.2/IntelliJ IDEA 2023.2.2/lib/externalProcess-rt.jar
Launcher Type: SUN_STANDARD

[Global flags]
     intx CICompilerCount                          = 4                                         {product} {ergonomic}
     uint ConcGCThreads                            = 3                                         {product} {ergonomic}
     uint G1ConcRefinementThreads                  = 10                                        {product} {ergonomic}
   size_t G1HeapRegionSize                         = 2097152                                   {product} {ergonomic}
    uintx GCDrainStackTargetSize                   = 64                                        {product} {ergonomic}
   size_t InitialHeapSize                          = 264241152                                 {product} {ergonomic}
   size_t MarkStackSize                            = 4194304                                   {product} {ergonomic}
   size_t MaxHeapSize                              = 4217372672                                {product} {ergonomic}
   size_t MinHeapDeltaBytes                        = 2097152                                   {product} {ergonomic}
   size_t MinHeapSize                              = 8388608                                   {product} {ergonomic}
    uintx NonNMethodCodeHeapSize                   = 5839372                                {pd product} {ergonomic}
    uintx NonProfiledCodeHeapSize                  = 122909434                              {pd product} {ergonomic}
    uintx ProfiledCodeHeapSize                     = 122909434                              {pd product} {ergonomic}
    uintx ReservedCodeCacheSize                    = 251658240                              {pd product} {ergonomic}
     bool SegmentedCodeCache                       = true                                      {product} {ergonomic}
   size_t SoftMaxHeapSize                          = 4217372672                             {manageable} {ergonomic}
     bool UseCompressedClassPointers               = true                           {product lp64_product} {ergonomic}
     bool UseCompressedOops                        = true                           {product lp64_product} {ergonomic}
     bool UseG1GC                                  = true                                      {product} {ergonomic}
     bool UseLargePagesIndividualAllocation        = false                                  {pd product} {ergonomic}

Logging:
Log output configuration:
 #0: stdout all=warning uptime,level,tags
 #1: stderr all=off uptime,level,tags

Environment Variables:
JAVA_HOME=D:\JAVA\jdk-17
PATH=C:\Program Files\Git\mingw64\libexec\git-core;C:\Program Files\Git\mingw64\libexec\git-core;C:\Program Files\Git\mingw64\bin;C:\Program Files\Git\usr\bin;C:\Users\yeon2\bin;D:\JAVA\jdk-17\bin;C:\Program Files\Common Files\Oracle\Java\javapath;D:\Oracle21C\dbhomeXE\bin;C:\Program Files (x86)\Common Files\Oracle\Java\javapath;C:\windows\system32;C:\windows;C:\windows\System32\Wbem;C:\windows\System32\WindowsPowerShell\v1.0;C:\windows\System32\OpenSSH;D:\putty;C:\Program Files\Git\cmd;D:\nodejs;D:\MongoDB\Server\7.0\bin;C:\Users\yeon2\AppData\Local\Microsoft\WindowsApps;D:\IntelliJ IDEA 2023.2.2\IntelliJ IDEA 2023.2.2\bin;C:\Users\yeon2\AppData\Roaming\npm;D:\Microsoft VS Code\bin;D:\MongoDB\Server\7.0\bin;D:\MongoDB\mongosh
USERNAME=yeon2
DISPLAY=:0.0
LC_ALL=en_US.UTF-8
TERM=xterm-256color
TMPDIR=C:\Users\yeon2\AppData\Local\Temp
OS=Windows_NT
PROCESSOR_IDENTIFIER=Intel64 Family 6 Model 154 Stepping 4, GenuineIntel
TMP=C:\Users\yeon2\AppData\Local\Temp
TEMP=C:\Users\yeon2\AppData\Local\Temp


JNI global refs:
JNI global refs: 0, weak refs: 0

JNI global refs memory usage: 0, weak refs: 0

OOME stack traces (most recent first):
Classloader memory used:


---------------  S Y S T E M  ---------------

OS:
 Windows 11 , 64 bit Build 22621 (10.0.22621.2506)
OS uptime: 0 days 7:54 hours
Hyper-V role detected

CPU: total 12 (initial active 12) (6 cores per cpu, 2 threads per core) family 6 model 154 stepping 4 microcode 0x423, cx8, cmov, fxsr, ht, mmx, 3dnowpref, sse, sse2, sse3, ssse3, sse4.1, sse4.2, popcnt, lzcnt, tsc, tscinvbit, avx, avx2, aes, erms, clmul, bmi1, bmi2, adx, sha, fma, vzeroupper, clflush, clflushopt, clwb, hv
Processor Information for processor 0
  Max Mhz: 1700, Current Mhz: 1700, Mhz Limit: 1700
Processor Information for processor 1
  Max Mhz: 1700, Current Mhz: 1700, Mhz Limit: 1700
Processor Information for processor 2
  Max Mhz: 1700, Current Mhz: 1700, Mhz Limit: 1700
Processor Information for processor 3
  Max Mhz: 1700, Current Mhz: 1700, Mhz Limit: 1700
Processor Information for processor 4
  Max Mhz: 1700, Current Mhz: 1200, Mhz Limit: 1190
Processor Information for processor 5
  Max Mhz: 1700, Current Mhz: 1200, Mhz Limit: 1190
Processor Information for processor 6
  Max Mhz: 1700, Current Mhz: 1200, Mhz Limit: 1190
Processor Information for processor 7
  Max Mhz: 1700, Current Mhz: 1200, Mhz Limit: 1190
Processor Information for processor 8
  Max Mhz: 1700, Current Mhz: 1200, Mhz Limit: 1190
Processor Information for processor 9
  Max Mhz: 1700, Current Mhz: 1200, Mhz Limit: 1190
Processor Information for processor 10
  Max Mhz: 1700, Current Mhz: 1200, Mhz Limit: 1190
Processor Information for processor 11
  Max Mhz: 1700, Current Mhz: 1200, Mhz Limit: 1190

Memory: 4k page, system-wide physical 16086M (4100M free)
TotalPageFile size 18134M (AvailPageFile size 168M)
current process WorkingSet (physical memory assigned to process): 11M, peak: 11M
current process commit charge ("private bytes"): 64M, peak: 316M

vm_info: OpenJDK 64-Bit Server VM (17.0.8+7-b1000.22) for windows-amd64 JRE (17.0.8+7-b1000.22), built on 2023-09-02 by "builduser" with MS VC++ 16.10 / 16.11 (VS2019)

END.
