#
# There is insufficient memory for the Java Runtime Environment to continue.
# Native memory allocation (mmap) failed to map 65536 bytes for Failed to commit metaspace.
# Possible reasons:
#   The system is out of physical RAM or swap space
#   The process is running with CompressedOops enabled, and the Java Heap may be blocking the growth of the native heap
# Possible solutions:
#   Reduce memory load on the system
#   Increase physical memory or swap space
#   Check if swap backing store is full
#   Decrease Java heap size (-Xmx/-Xms)
#   Decrease number of Java threads
#   Decrease Java thread stack sizes (-Xss)
#   Set larger code cache with -XX:ReservedCodeCacheSize=
#   JVM is running with Zero Based Compressed Oops mode in which the Java heap is
#     placed in the first 32GB address space. The Java Heap base address is the
#     maximum limit for the native heap growth. Please use -XX:HeapBaseMinAddress
#     to set the Java Heap base and to place the Java Heap above 32GB virtual address.
# This output file may be truncated or incomplete.
#
#  Out of Memory Error (virtualSpaceNode.cpp:110), pid=10880, tid=8892
#
# JRE version: OpenJDK Runtime Environment Corretto-19.0.2.7.1 (19.0.2+7) (build 19.0.2+7-FR)
# Java VM: OpenJDK 64-Bit Server VM Corretto-19.0.2.7.1 (19.0.2+7-FR, mixed mode, sharing, tiered, compressed oops, compressed class ptrs, g1 gc, windows-amd64)
# No core dump will be written. Minidumps are not enabled by default on client versions of Windows
#

---------------  S U M M A R Y ------------

Command Line: -ea -Didea.test.cyclic.buffer.size=1048576 -javaagent:D:\IntelliJ IDEA 2023.2.2\IntelliJ IDEA 2023.2.2\lib\idea_rt.jar=10377:D:\IntelliJ IDEA 2023.2.2\IntelliJ IDEA 2023.2.2\bin -Dfile.encoding=UTF-8 -Dsun.stdout.encoding=UTF-8 -Dsun.stderr.encoding=UTF-8 com.intellij.rt.junit.JUnitStarter -ideVersion5 -junit5 com.cornstory.ChatTests

Host: 12th Gen Intel(R) Core(TM) i7-1255U, 12 cores, 15G,  Windows 11 , 64 bit Build 22621 (10.0.22621.2506)
Time: Sun Dec  3 22:51:09 2023  Windows 11 , 64 bit Build 22621 (10.0.22621.2506) elapsed time: 0.468337 seconds (0d 0h 0m 0s)

---------------  T H R E A D  ---------------

Current thread (0x000001f20bfb1230):  JavaThread "main" [_thread_in_vm, id=8892, stack(0x00000010bc700000,0x00000010bc800000)]

Stack: [0x00000010bc700000,0x00000010bc800000]
Native frames: (J=compiled Java code, j=interpreted, Vv=VM code, C=native code)
V  [jvm.dll+0x6d034a]
V  [jvm.dll+0x880f10]
V  [jvm.dll+0x88289e]
V  [jvm.dll+0x882f43]
V  [jvm.dll+0x27b4bb]
V  [jvm.dll+0x87cb1b]
V  [jvm.dll+0x676026]
V  [jvm.dll+0x67608a]
V  [jvm.dll+0x678846]
V  [jvm.dll+0x67871e]
V  [jvm.dll+0x676a25]
V  [jvm.dll+0x266fbf]
V  [jvm.dll+0x680715]
V  [jvm.dll+0x21a6da]
V  [jvm.dll+0x21ab65]
V  [jvm.dll+0x21b5ca]
V  [jvm.dll+0x2110d9]
V  [jvm.dll+0x58e155]
V  [jvm.dll+0x2219e7]
V  [jvm.dll+0x7fa086]
V  [jvm.dll+0x7fb3b6]
V  [jvm.dll+0x7fb6e8]
V  [jvm.dll+0x26aa70]
V  [jvm.dll+0x3d150e]
C  0x000001f21b6ed327

Java frames: (J=compiled Java code, j=interpreted, Vv=VM code)
j  java.security.Policy.loadPolicyProvider()Ljava/security/Policy;+34 java.base@19.0.2
j  java.security.Policy.getPolicyNoCheck()Ljava/security/Policy;+34 java.base@19.0.2
j  java.security.ProtectionDomain.implies(Ljava/security/Permission;)Z+16 java.base@19.0.2
j  java.security.ProtectionDomain.impliesWithAltFilePerm(Ljava/security/Permission;)Z+23 java.base@19.0.2
j  java.security.AccessControlContext.checkPermission(Ljava/security/Permission;)V+323 java.base@19.0.2
j  java.security.AccessController.checkPermission(Ljava/security/Permission;)V+161 java.base@19.0.2
j  ch.qos.logback.core.util.Loader$1.run()Ljava/lang/Boolean;+9
j  ch.qos.logback.core.util.Loader$1.run()Ljava/lang/Object;+1
j  java.security.AccessController.executePrivileged(Ljava/security/PrivilegedAction;Ljava/security/AccessControlContext;Ljava/lang/Class;)Ljava/lang/Object;+29 java.base@19.0.2
j  java.security.AccessController.doPrivileged(Ljava/security/PrivilegedAction;)Ljava/lang/Object;+5 java.base@19.0.2
j  ch.qos.logback.core.util.Loader.<clinit>()V+34
v  ~StubRoutines::call_stub 0x000001f21b6c100e
j  ch.qos.logback.classic.joran.SerializedModelConfigurator.performMultiStepModelFileSearch(Z)Ljava/net/URL;+1
j  ch.qos.logback.classic.joran.SerializedModelConfigurator.configure(Lch/qos/logback/classic/LoggerContext;)Lch/qos/logback/classic/spi/Configurator$ExecutionStatus;+2
j  ch.qos.logback.classic.util.ContextInitializer.invokeConfigure(Lch/qos/logback/classic/spi/Configurator;)Lch/qos/logback/classic/spi/Configurator$ExecutionStatus;+42
j  ch.qos.logback.classic.util.ContextInitializer.autoConfig(Ljava/lang/ClassLoader;)V+202
j  ch.qos.logback.classic.util.ContextInitializer.autoConfig()V+6
j  ch.qos.logback.classic.spi.LogbackServiceProvider.initializeLoggerContext()V+11
j  ch.qos.logback.classic.spi.LogbackServiceProvider.initialize()V+21
j  org.slf4j.LoggerFactory.bind()V+37
j  org.slf4j.LoggerFactory.performInitialization()V+0
j  org.slf4j.LoggerFactory.getProvider()Lorg/slf4j/spi/SLF4JServiceProvider;+21
j  org.slf4j.LoggerFactory.getILoggerFactory()Lorg/slf4j/ILoggerFactory;+0
j  org.slf4j.LoggerFactory.getLogger(Ljava/lang/String;)Lorg/slf4j/Logger;+0
j  org.apache.commons.logging.LogAdapter$Slf4jAdapter.createLocationAwareLog(Ljava/lang/String;)Lorg/apache/commons/logging/Log;+1
j  org.apache.commons.logging.LogAdapter$$Lambda$343+0x00000008010a9618.apply(Ljava/lang/Object;)Ljava/lang/Object;+4
j  org.apache.commons.logging.LogAdapter.createLog(Ljava/lang/String;)Lorg/apache/commons/logging/Log;+4
j  org.apache.commons.logging.LogFactory.getLog(Ljava/lang/String;)Lorg/apache/commons/logging/Log;+1
j  org.apache.commons.logging.LogFactory.getLog(Ljava/lang/Class;)Lorg/apache/commons/logging/Log;+4
j  org.springframework.test.context.TestContextManager.<clinit>()V+2
v  ~StubRoutines::call_stub 0x000001f21b6c100e
j  org.springframework.test.context.junit.jupiter.SpringExtension$$Lambda$342+0x00000008010a7dd0.apply(Ljava/lang/Object;)Ljava/lang/Object;+0
j  org.junit.platform.engine.support.store.NamespacedHierarchicalStore.lambda$getOrComputeIfAbsent$5(Ljava/util/function/Function;Ljava/lang/Object;)Ljava/lang/Object;+2
j  org.junit.platform.engine.support.store.NamespacedHierarchicalStore$$Lambda$338+0x00000008010a6908.get()Ljava/lang/Object;+8
j  org.junit.platform.engine.support.store.NamespacedHierarchicalStore$MemoizingSupplier.computeValue()V+15
j  org.junit.platform.engine.support.store.NamespacedHierarchicalStore$MemoizingSupplier.get()Ljava/lang/Object;+11
j  org.junit.platform.engine.support.store.NamespacedHierarchicalStore$StoredValue.evaluate()Ljava/lang/Object;+4
j  org.junit.platform.engine.support.store.NamespacedHierarchicalStore$StoredValue.access$200(Lorg/junit/platform/engine/support/store/NamespacedHierarchicalStore$StoredValue;)Ljava/lang/Object;+1
j  org.junit.platform.engine.support.store.NamespacedHierarchicalStore.getOrComputeIfAbsent(Ljava/lang/Object;Ljava/lang/Object;Ljava/util/function/Function;)Ljava/lang/Object;+58
j  org.junit.platform.engine.support.store.NamespacedHierarchicalStore.getOrComputeIfAbsent(Ljava/lang/Object;Ljava/lang/Object;Ljava/util/function/Function;Ljava/lang/Class;)Ljava/lang/Object;+4
j  org.junit.jupiter.engine.execution.NamespaceAwareStore.lambda$getOrComputeIfAbsent$3(Ljava/lang/Object;Ljava/util/function/Function;Ljava/lang/Class;)Ljava/lang/Object;+11
j  org.junit.jupiter.engine.execution.NamespaceAwareStore$$Lambda$336+0x00000008010a62b0.get()Ljava/lang/Object;+16
j  org.junit.jupiter.engine.execution.NamespaceAwareStore.accessStore(Ljava/util/function/Supplier;)Ljava/lang/Object;+1
j  org.junit.jupiter.engine.execution.NamespaceAwareStore.getOrComputeIfAbsent(Ljava/lang/Object;Ljava/util/function/Function;Ljava/lang/Class;)Ljava/lang/Object;+31
j  org.springframework.test.context.junit.jupiter.SpringExtension.getTestContextManager(Lorg/junit/jupiter/api/extension/ExtensionContext;)Lorg/springframework/test/context/TestContextManager;+27
j  org.springframework.test.context.junit.jupiter.SpringExtension.beforeAll(Lorg/junit/jupiter/api/extension/ExtensionContext;)V+1
j  org.junit.jupiter.engine.descriptor.ClassBasedTestDescriptor.lambda$invokeBeforeAllCallbacks$12(Lorg/junit/jupiter/api/extension/BeforeAllCallback;Lorg/junit/jupiter/api/extension/ExtensionContext;)V+2
j  org.junit.jupiter.engine.descriptor.ClassBasedTestDescriptor$$Lambda$326+0x00000008010a3e80.execute()V+8
j  org.junit.platform.engine.support.hierarchical.ThrowableCollector.execute(Lorg/junit/platform/engine/support/hierarchical/ThrowableCollector$Executable;)V+1
j  org.junit.jupiter.engine.descriptor.ClassBasedTestDescriptor.invokeBeforeAllCallbacks(Lorg/junit/jupiter/engine/execution/JupiterEngineExecutionContext;)V+64
j  org.junit.jupiter.engine.descriptor.ClassBasedTestDescriptor.before(Lorg/junit/jupiter/engine/execution/JupiterEngineExecutionContext;)Lorg/junit/jupiter/engine/execution/JupiterEngineExecutionContext;+47
j  org.junit.jupiter.engine.descriptor.ClassBasedTestDescriptor.before(Lorg/junit/platform/engine/support/hierarchical/EngineExecutionContext;)Lorg/junit/platform/engine/support/hierarchical/EngineExecutionContext;+5
j  org.junit.platform.engine.support.hierarchical.NodeTestTask.lambda$executeRecursively$6()V+51
j  org.junit.platform.engine.support.hierarchical.NodeTestTask$$Lambda$277+0x0000000801098c48.execute()V+4
j  org.junit.platform.engine.support.hierarchical.ThrowableCollector.execute(Lorg/junit/platform/engine/support/hierarchical/ThrowableCollector$Executable;)V+1
j  org.junit.platform.engine.support.hierarchical.NodeTestTask.lambda$executeRecursively$8(Lorg/junit/platform/engine/support/hierarchical/EngineExecutionContext;)V+15
j  org.junit.platform.engine.support.hierarchical.NodeTestTask$$Lambda$276+0x0000000801098a38.invoke(Lorg/junit/platform/engine/support/hierarchical/EngineExecutionContext;)V+5
j  org.junit.platform.engine.support.hierarchical.Node.around(Lorg/junit/platform/engine/support/hierarchical/EngineExecutionContext;Lorg/junit/platform/engine/support/hierarchical/Node$Invocation;)V+2
j  org.junit.platform.engine.support.hierarchical.NodeTestTask.lambda$executeRecursively$9()V+14
j  org.junit.platform.engine.support.hierarchical.NodeTestTask$$Lambda$275+0x0000000801098640.execute()V+4
j  org.junit.platform.engine.support.hierarchical.ThrowableCollector.execute(Lorg/junit/platform/engine/support/hierarchical/ThrowableCollector$Executable;)V+1
j  org.junit.platform.engine.support.hierarchical.NodeTestTask.executeRecursively()V+31
j  org.junit.platform.engine.support.hierarchical.NodeTestTask.execute()V+55
j  org.junit.platform.engine.support.hierarchical.SameThreadHierarchicalTestExecutorService$$Lambda$281+0x00000008010996e8.accept(Ljava/lang/Object;)V+4
j  java.util.ArrayList.forEach(Ljava/util/function/Consumer;)V+46 java.base@19.0.2
j  org.junit.platform.engine.support.hierarchical.SameThreadHierarchicalTestExecutorService.invokeAll(Ljava/util/List;)V+6
j  org.junit.platform.engine.support.hierarchical.NodeTestTask.lambda$executeRecursively$6()V+116
j  org.junit.platform.engine.support.hierarchical.NodeTestTask$$Lambda$277+0x0000000801098c48.execute()V+4
j  org.junit.platform.engine.support.hierarchical.ThrowableCollector.execute(Lorg/junit/platform/engine/support/hierarchical/ThrowableCollector$Executable;)V+1
j  org.junit.platform.engine.support.hierarchical.NodeTestTask.lambda$executeRecursively$8(Lorg/junit/platform/engine/support/hierarchical/EngineExecutionContext;)V+15
j  org.junit.platform.engine.support.hierarchical.NodeTestTask$$Lambda$276+0x0000000801098a38.invoke(Lorg/junit/platform/engine/support/hierarchical/EngineExecutionContext;)V+5
j  org.junit.platform.engine.support.hierarchical.Node.around(Lorg/junit/platform/engine/support/hierarchical/EngineExecutionContext;Lorg/junit/platform/engine/support/hierarchical/Node$Invocation;)V+2
j  org.junit.platform.engine.support.hierarchical.NodeTestTask.lambda$executeRecursively$9()V+14
j  org.junit.platform.engine.support.hierarchical.NodeTestTask$$Lambda$275+0x0000000801098640.execute()V+4
j  org.junit.platform.engine.support.hierarchical.ThrowableCollector.execute(Lorg/junit/platform/engine/support/hierarchical/ThrowableCollector$Executable;)V+1
j  org.junit.platform.engine.support.hierarchical.NodeTestTask.executeRecursively()V+31
j  org.junit.platform.engine.support.hierarchical.NodeTestTask.execute()V+55
j  org.junit.platform.engine.support.hierarchical.SameThreadHierarchicalTestExecutorService.submit(Lorg/junit/platform/engine/support/hierarchical/HierarchicalTestExecutorService$TestTask;)Ljava/util/concurrent/Future;+1
j  org.junit.platform.engine.support.hierarchical.HierarchicalTestExecutor.execute()Ljava/util/concurrent/Future;+74
j  org.junit.platform.engine.support.hierarchical.HierarchicalTestEngine.execute(Lorg/junit/platform/engine/ExecutionRequest;)V+31
j  org.junit.platform.launcher.core.EngineExecutionOrchestrator.execute(Lorg/junit/platform/engine/TestDescriptor;Lorg/junit/platform/engine/EngineExecutionListener;Lorg/junit/platform/engine/ConfigurationParameters;Lorg/junit/platform/engine/TestEngine;)V+24
j  org.junit.platform.launcher.core.EngineExecutionOrchestrator.execute(Lorg/junit/platform/launcher/core/LauncherDiscoveryResult;Lorg/junit/platform/engine/EngineExecutionListener;)V+115
j  org.junit.platform.launcher.core.EngineExecutionOrchestrator.execute(Lorg/junit/platform/launcher/core/InternalTestPlan;Lorg/junit/platform/engine/EngineExecutionListener;Lorg/junit/platform/launcher/TestExecutionListener;)V+55
j  org.junit.platform.launcher.core.EngineExecutionOrchestrator.lambda$execute$0(Lorg/junit/platform/launcher/core/InternalTestPlan;Lorg/junit/platform/launcher/TestExecutionListener;)V+6
j  org.junit.platform.launcher.core.EngineExecutionOrchestrator$$Lambda$224+0x0000000801086228.accept(Ljava/lang/Object;)V+12
j  org.junit.platform.launcher.core.EngineExecutionOrchestrator.withInterceptedStreams(Lorg/junit/platform/engine/ConfigurationParameters;Lorg/junit/platform/launcher/core/ListenerRegistry;Ljava/util/function/Consumer;)V+51
j  org.junit.platform.launcher.core.EngineExecutionOrchestrator.execute(Lorg/junit/platform/launcher/core/InternalTestPlan;[Lorg/junit/platform/launcher/TestExecutionListener;)V+23
j  org.junit.platform.launcher.core.DefaultLauncher.execute(Lorg/junit/platform/launcher/core/InternalTestPlan;[Lorg/junit/platform/launcher/TestExecutionListener;)V+6
j  org.junit.platform.launcher.core.DefaultLauncher.execute(Lorg/junit/platform/launcher/LauncherDiscoveryRequest;[Lorg/junit/platform/launcher/TestExecutionListener;)V+34
j  org.junit.platform.launcher.core.DelegatingLauncher.execute(Lorg/junit/platform/launcher/LauncherDiscoveryRequest;[Lorg/junit/platform/launcher/TestExecutionListener;)V+6
j  org.junit.platform.launcher.core.SessionPerRequestLauncher.execute(Lorg/junit/platform/launcher/LauncherDiscoveryRequest;[Lorg/junit/platform/launcher/TestExecutionListener;)V+13
j  com.intellij.junit5.JUnit5IdeaTestRunner.startRunnerWithArgs([Ljava/lang/String;Ljava/lang/String;IZ)I+203
j  com.intellij.rt.junit.IdeaTestRunner$Repeater$1.execute(Z)I+17
j  com.intellij.rt.execution.junit.TestsRepeater.repeat(IZLcom/intellij/rt/execution/junit/TestsRepeater$TestRun;)I+7
j  com.intellij.rt.junit.IdeaTestRunner$Repeater.startRunnerWithArgs(Lcom/intellij/rt/junit/IdeaTestRunner;[Ljava/lang/String;Ljava/util/ArrayList;Ljava/lang/String;IZ)I+25
j  com.intellij.rt.junit.JUnitStarter.prepareStreamsAndStart([Ljava/lang/String;Ljava/lang/String;Ljava/util/ArrayList;Ljava/lang/String;)I+117
j  com.intellij.rt.junit.JUnitStarter.main([Ljava/lang/String;)V+97
v  ~StubRoutines::call_stub 0x000001f21b6c100e

---------------  P R O C E S S  ---------------

Threads class SMR info:
_java_thread_list=0x000001f233db2180, length=14, elements={
0x000001f20bfb1230, 0x000001f22f8a0bd0, 0x000001f22f8a1600, 0x000001f22f8a4540,
0x000001f22f8a92f0, 0x000001f22f8a9c20, 0x000001f22f8ab770, 0x000001f22f8b5390,
0x000001f22f8b7d30, 0x000001f22f8bdbb0, 0x000001f233ce0370, 0x000001f233dcb570,
0x000001f233da13e0, 0x000001f233e8e200
}

Java Threads: ( => current thread )
=>0x000001f20bfb1230 JavaThread "main" [_thread_in_vm, id=8892, stack(0x00000010bc700000,0x00000010bc800000)]
  0x000001f22f8a0bd0 JavaThread "Reference Handler" daemon [_thread_blocked, id=24880, stack(0x00000010bce00000,0x00000010bcf00000)]
  0x000001f22f8a1600 JavaThread "Finalizer" daemon [_thread_blocked, id=19452, stack(0x00000010bcf00000,0x00000010bd000000)]
  0x000001f22f8a4540 JavaThread "Signal Dispatcher" daemon [_thread_blocked, id=19788, stack(0x00000010bd000000,0x00000010bd100000)]
  0x000001f22f8a92f0 JavaThread "Attach Listener" daemon [_thread_blocked, id=14704, stack(0x00000010bd100000,0x00000010bd200000)]
  0x000001f22f8a9c20 JavaThread "Service Thread" daemon [_thread_blocked, id=18524, stack(0x00000010bd200000,0x00000010bd300000)]
  0x000001f22f8ab770 JavaThread "Monitor Deflation Thread" daemon [_thread_blocked, id=25172, stack(0x00000010bd300000,0x00000010bd400000)]
  0x000001f22f8b5390 JavaThread "C2 CompilerThread0" daemon [_thread_blocked, id=21328, stack(0x00000010bd400000,0x00000010bd500000)]
  0x000001f22f8b7d30 JavaThread "C1 CompilerThread0" daemon [_thread_blocked, id=2092, stack(0x00000010bd500000,0x00000010bd600000)]
  0x000001f22f8bdbb0 JavaThread "Sweeper thread" daemon [_thread_blocked, id=24964, stack(0x00000010bd600000,0x00000010bd700000)]
  0x000001f233ce0370 JavaThread "Common-Cleaner" daemon [_thread_blocked, id=4632, stack(0x00000010bd700000,0x00000010bd800000)]
  0x000001f233dcb570 JavaThread "Monitor Ctrl-Break" daemon [_thread_in_native, id=23456, stack(0x00000010bd800000,0x00000010bd900000)]
  0x000001f233da13e0 JavaThread "Notification Thread" daemon [_thread_blocked, id=12232, stack(0x00000010bd900000,0x00000010bda00000)]
  0x000001f233e8e200 JavaThread "C2 CompilerThread1" daemon [_thread_blocked, id=24372, stack(0x00000010bdb00000,0x00000010bdc00000)]

Other Threads:
  0x000001f22f8892f0 VMThread "VM Thread" [stack: 0x00000010bcd00000,0x00000010bce00000] [id=13228]
  0x000001f233dcbab0 WatcherThread "VM Periodic Task Thread" [stack: 0x00000010bda00000,0x00000010bdb00000] [id=24148]
  0x000001f20c021b80 WorkerThread "GC Thread#0" [stack: 0x00000010bc800000,0x00000010bc900000] [id=12296]
  0x000001f234407b30 WorkerThread "GC Thread#1" [stack: 0x00000010bdc00000,0x00000010bdd00000] [id=17424]
  0x000001f234aabc60 WorkerThread "GC Thread#2" [stack: 0x00000010bdd00000,0x00000010bde00000] [id=20796]
  0x000001f234581890 WorkerThread "GC Thread#3" [stack: 0x00000010bde00000,0x00000010bdf00000] [id=25112]
  0x000001f234487b30 WorkerThread "GC Thread#4" [stack: 0x00000010bdf00000,0x00000010be000000] [id=25360]
  0x000001f234487590 WorkerThread "GC Thread#5" [stack: 0x00000010be000000,0x00000010be100000] [id=25568]
  0x000001f20c0327d0 ConcurrentGCThread "G1 Main Marker" [stack: 0x00000010bc900000,0x00000010bca00000] [id=24468]
  0x000001f20c034210 WorkerThread "G1 Conc#0" [stack: 0x00000010bca00000,0x00000010bcb00000] [id=17612]
  0x000001f22f7467b0 ConcurrentGCThread "G1 Refine#0" [stack: 0x00000010bcb00000,0x00000010bcc00000] [id=2452]
  0x000001f22f747200 ConcurrentGCThread "G1 Service" [stack: 0x00000010bcc00000,0x00000010bcd00000] [id=22296]

Threads with active compile tasks:

VM state: not at safepoint (normal execution)

VM Mutex/Monitor currently owned by a thread:  ([mutex/lock_event])
[0x000001f20bfab570] Metaspace_lock - owner thread: 0x000001f20bfb1230

Heap address: 0x0000000704a00000, size: 4022 MB, Compressed Oops mode: Zero based, Oop shift amount: 3

CDS archive(s) mapped at: [0x0000000800000000-0x0000000800c40000-0x0000000800c40000), size 12845056, SharedBaseAddress: 0x0000000800000000, ArchiveRelocationMode: 0.
Compressed class space mapped at: 0x0000000801000000-0x0000000841000000, reserved size: 1073741824
Narrow klass base: 0x0000000800000000, Narrow klass shift: 0, Narrow klass range: 0x100000000

GC Precious Log:
 CardTable entry size: 512
 Card Set container configuration: InlinePtr #cards 4 size 8 Array Of Cards #cards 16 size 48 Howl #buckets 8 coarsen threshold 3686 Howl Bitmap #cards 512 size 80 coarsen threshold 460 Card regions per heap region 1 cards per card region 4096
 CPUs: 12 total, 12 available
 Memory: 16086M
 Large Page Support: Disabled
 NUMA Support: Disabled
 Compressed Oops: Enabled (Zero based)
 Heap Region Size: 2M
 Heap Min Capacity: 8M
 Heap Initial Capacity: 252M
 Heap Max Capacity: 4022M
 Pre-touch: Disabled
 Parallel Workers: 10
 Concurrent Workers: 3
 Concurrent Refinement Workers: 10
 Periodic GC: Disabled

Heap:
 garbage-first heap   total 258048K, used 5560K [0x0000000704a00000, 0x0000000800000000)
  region size 2048K, 3 young (6144K), 2 survivors (4096K)
 Metaspace       used 5361K, committed 5568K, reserved 1114112K
  class space    used 648K, committed 768K, reserved 1048576K

Heap Regions: E=young(eden), S=young(survivor), O=old, HS=humongous(starts), HC=humongous(continues), CS=collection set, F=free, OA=open archive, CA=closed archive, TAMS=top-at-mark-start (previous, next)
|   0|0x0000000704a00000, 0x0000000704b6e200, 0x0000000704c00000| 71%| O|  |TAMS 0x0000000704a00000, 0x0000000704a00000| Untracked 
|   1|0x0000000704c00000, 0x0000000704c00000, 0x0000000704e00000|  0%| F|  |TAMS 0x0000000704c00000, 0x0000000704c00000| Untracked 
|   2|0x0000000704e00000, 0x0000000704e00000, 0x0000000705000000|  0%| F|  |TAMS 0x0000000704e00000, 0x0000000704e00000| Untracked 
|   3|0x0000000705000000, 0x0000000705000000, 0x0000000705200000|  0%| F|  |TAMS 0x0000000705000000, 0x0000000705000000| Untracked 
|   4|0x0000000705200000, 0x0000000705200000, 0x0000000705400000|  0%| F|  |TAMS 0x0000000705200000, 0x0000000705200000| Untracked 
|   5|0x0000000705400000, 0x0000000705400000, 0x0000000705600000|  0%| F|  |TAMS 0x0000000705400000, 0x0000000705400000| Untracked 
|   6|0x0000000705600000, 0x0000000705600000, 0x0000000705800000|  0%| F|  |TAMS 0x0000000705600000, 0x0000000705600000| Untracked 
|   7|0x0000000705800000, 0x0000000705800000, 0x0000000705a00000|  0%| F|  |TAMS 0x0000000705800000, 0x0000000705800000| Untracked 
|   8|0x0000000705a00000, 0x0000000705a00000, 0x0000000705c00000|  0%| F|  |TAMS 0x0000000705a00000, 0x0000000705a00000| Untracked 
|   9|0x0000000705c00000, 0x0000000705c00000, 0x0000000705e00000|  0%| F|  |TAMS 0x0000000705c00000, 0x0000000705c00000| Untracked 
|  10|0x0000000705e00000, 0x0000000705e00000, 0x0000000706000000|  0%| F|  |TAMS 0x0000000705e00000, 0x0000000705e00000| Untracked 
|  11|0x0000000706000000, 0x0000000706000000, 0x0000000706200000|  0%| F|  |TAMS 0x0000000706000000, 0x0000000706000000| Untracked 
|  12|0x0000000706200000, 0x0000000706200000, 0x0000000706400000|  0%| F|  |TAMS 0x0000000706200000, 0x0000000706200000| Untracked 
|  13|0x0000000706400000, 0x0000000706400000, 0x0000000706600000|  0%| F|  |TAMS 0x0000000706400000, 0x0000000706400000| Untracked 
|  14|0x0000000706600000, 0x0000000706600000, 0x0000000706800000|  0%| F|  |TAMS 0x0000000706600000, 0x0000000706600000| Untracked 
|  15|0x0000000706800000, 0x0000000706800000, 0x0000000706a00000|  0%| F|  |TAMS 0x0000000706800000, 0x0000000706800000| Untracked 
|  16|0x0000000706a00000, 0x0000000706a00000, 0x0000000706c00000|  0%| F|  |TAMS 0x0000000706a00000, 0x0000000706a00000| Untracked 
|  17|0x0000000706c00000, 0x0000000706c00000, 0x0000000706e00000|  0%| F|  |TAMS 0x0000000706c00000, 0x0000000706c00000| Untracked 
|  18|0x0000000706e00000, 0x0000000706e00000, 0x0000000707000000|  0%| F|  |TAMS 0x0000000706e00000, 0x0000000706e00000| Untracked 
|  19|0x0000000707000000, 0x0000000707000000, 0x0000000707200000|  0%| F|  |TAMS 0x0000000707000000, 0x0000000707000000| Untracked 
|  20|0x0000000707200000, 0x0000000707200000, 0x0000000707400000|  0%| F|  |TAMS 0x0000000707200000, 0x0000000707200000| Untracked 
|  21|0x0000000707400000, 0x0000000707400000, 0x0000000707600000|  0%| F|  |TAMS 0x0000000707400000, 0x0000000707400000| Untracked 
|  22|0x0000000707600000, 0x0000000707600000, 0x0000000707800000|  0%| F|  |TAMS 0x0000000707600000, 0x0000000707600000| Untracked 
|  23|0x0000000707800000, 0x0000000707800000, 0x0000000707a00000|  0%| F|  |TAMS 0x0000000707800000, 0x0000000707800000| Untracked 
|  24|0x0000000707a00000, 0x0000000707a00000, 0x0000000707c00000|  0%| F|  |TAMS 0x0000000707a00000, 0x0000000707a00000| Untracked 
|  25|0x0000000707c00000, 0x0000000707c00000, 0x0000000707e00000|  0%| F|  |TAMS 0x0000000707c00000, 0x0000000707c00000| Untracked 
|  26|0x0000000707e00000, 0x0000000707e00000, 0x0000000708000000|  0%| F|  |TAMS 0x0000000707e00000, 0x0000000707e00000| Untracked 
|  27|0x0000000708000000, 0x0000000708000000, 0x0000000708200000|  0%| F|  |TAMS 0x0000000708000000, 0x0000000708000000| Untracked 
|  28|0x0000000708200000, 0x0000000708200000, 0x0000000708400000|  0%| F|  |TAMS 0x0000000708200000, 0x0000000708200000| Untracked 
|  29|0x0000000708400000, 0x0000000708400000, 0x0000000708600000|  0%| F|  |TAMS 0x0000000708400000, 0x0000000708400000| Untracked 
|  30|0x0000000708600000, 0x0000000708600000, 0x0000000708800000|  0%| F|  |TAMS 0x0000000708600000, 0x0000000708600000| Untracked 
|  31|0x0000000708800000, 0x0000000708800000, 0x0000000708a00000|  0%| F|  |TAMS 0x0000000708800000, 0x0000000708800000| Untracked 
|  32|0x0000000708a00000, 0x0000000708a00000, 0x0000000708c00000|  0%| F|  |TAMS 0x0000000708a00000, 0x0000000708a00000| Untracked 
|  33|0x0000000708c00000, 0x0000000708c00000, 0x0000000708e00000|  0%| F|  |TAMS 0x0000000708c00000, 0x0000000708c00000| Untracked 
|  34|0x0000000708e00000, 0x0000000708e00000, 0x0000000709000000|  0%| F|  |TAMS 0x0000000708e00000, 0x0000000708e00000| Untracked 
|  35|0x0000000709000000, 0x0000000709000000, 0x0000000709200000|  0%| F|  |TAMS 0x0000000709000000, 0x0000000709000000| Untracked 
|  36|0x0000000709200000, 0x0000000709200000, 0x0000000709400000|  0%| F|  |TAMS 0x0000000709200000, 0x0000000709200000| Untracked 
|  37|0x0000000709400000, 0x0000000709400000, 0x0000000709600000|  0%| F|  |TAMS 0x0000000709400000, 0x0000000709400000| Untracked 
|  38|0x0000000709600000, 0x0000000709600000, 0x0000000709800000|  0%| F|  |TAMS 0x0000000709600000, 0x0000000709600000| Untracked 
|  39|0x0000000709800000, 0x0000000709800000, 0x0000000709a00000|  0%| F|  |TAMS 0x0000000709800000, 0x0000000709800000| Untracked 
|  40|0x0000000709a00000, 0x0000000709a00000, 0x0000000709c00000|  0%| F|  |TAMS 0x0000000709a00000, 0x0000000709a00000| Untracked 
|  41|0x0000000709c00000, 0x0000000709c00000, 0x0000000709e00000|  0%| F|  |TAMS 0x0000000709c00000, 0x0000000709c00000| Untracked 
|  42|0x0000000709e00000, 0x0000000709e00000, 0x000000070a000000|  0%| F|  |TAMS 0x0000000709e00000, 0x0000000709e00000| Untracked 
|  43|0x000000070a000000, 0x000000070a000000, 0x000000070a200000|  0%| F|  |TAMS 0x000000070a000000, 0x000000070a000000| Untracked 
|  44|0x000000070a200000, 0x000000070a200000, 0x000000070a400000|  0%| F|  |TAMS 0x000000070a200000, 0x000000070a200000| Untracked 
|  45|0x000000070a400000, 0x000000070a400000, 0x000000070a600000|  0%| F|  |TAMS 0x000000070a400000, 0x000000070a400000| Untracked 
|  46|0x000000070a600000, 0x000000070a600000, 0x000000070a800000|  0%| F|  |TAMS 0x000000070a600000, 0x000000070a600000| Untracked 
|  47|0x000000070a800000, 0x000000070a800000, 0x000000070aa00000|  0%| F|  |TAMS 0x000000070a800000, 0x000000070a800000| Untracked 
|  48|0x000000070aa00000, 0x000000070aa00000, 0x000000070ac00000|  0%| F|  |TAMS 0x000000070aa00000, 0x000000070aa00000| Untracked 
|  49|0x000000070ac00000, 0x000000070ac00000, 0x000000070ae00000|  0%| F|  |TAMS 0x000000070ac00000, 0x000000070ac00000| Untracked 
|  50|0x000000070ae00000, 0x000000070ae00000, 0x000000070b000000|  0%| F|  |TAMS 0x000000070ae00000, 0x000000070ae00000| Untracked 
|  51|0x000000070b000000, 0x000000070b000000, 0x000000070b200000|  0%| F|  |TAMS 0x000000070b000000, 0x000000070b000000| Untracked 
|  52|0x000000070b200000, 0x000000070b200000, 0x000000070b400000|  0%| F|  |TAMS 0x000000070b200000, 0x000000070b200000| Untracked 
|  53|0x000000070b400000, 0x000000070b400000, 0x000000070b600000|  0%| F|  |TAMS 0x000000070b400000, 0x000000070b400000| Untracked 
|  54|0x000000070b600000, 0x000000070b600000, 0x000000070b800000|  0%| F|  |TAMS 0x000000070b600000, 0x000000070b600000| Untracked 
|  55|0x000000070b800000, 0x000000070b800000, 0x000000070ba00000|  0%| F|  |TAMS 0x000000070b800000, 0x000000070b800000| Untracked 
|  56|0x000000070ba00000, 0x000000070ba00000, 0x000000070bc00000|  0%| F|  |TAMS 0x000000070ba00000, 0x000000070ba00000| Untracked 
|  57|0x000000070bc00000, 0x000000070bc00000, 0x000000070be00000|  0%| F|  |TAMS 0x000000070bc00000, 0x000000070bc00000| Untracked 
|  58|0x000000070be00000, 0x000000070be00000, 0x000000070c000000|  0%| F|  |TAMS 0x000000070be00000, 0x000000070be00000| Untracked 
|  59|0x000000070c000000, 0x000000070c000000, 0x000000070c200000|  0%| F|  |TAMS 0x000000070c000000, 0x000000070c000000| Untracked 
|  60|0x000000070c200000, 0x000000070c200000, 0x000000070c400000|  0%| F|  |TAMS 0x000000070c200000, 0x000000070c200000| Untracked 
|  61|0x000000070c400000, 0x000000070c400000, 0x000000070c600000|  0%| F|  |TAMS 0x000000070c400000, 0x000000070c400000| Untracked 
|  62|0x000000070c600000, 0x000000070c600000, 0x000000070c800000|  0%| F|  |TAMS 0x000000070c600000, 0x000000070c600000| Untracked 
|  63|0x000000070c800000, 0x000000070c800000, 0x000000070ca00000|  0%| F|  |TAMS 0x000000070c800000, 0x000000070c800000| Untracked 
|  64|0x000000070ca00000, 0x000000070ca00000, 0x000000070cc00000|  0%| F|  |TAMS 0x000000070ca00000, 0x000000070ca00000| Untracked 
|  65|0x000000070cc00000, 0x000000070cc00000, 0x000000070ce00000|  0%| F|  |TAMS 0x000000070cc00000, 0x000000070cc00000| Untracked 
|  66|0x000000070ce00000, 0x000000070ce00000, 0x000000070d000000|  0%| F|  |TAMS 0x000000070ce00000, 0x000000070ce00000| Untracked 
|  67|0x000000070d000000, 0x000000070d000000, 0x000000070d200000|  0%| F|  |TAMS 0x000000070d000000, 0x000000070d000000| Untracked 
|  68|0x000000070d200000, 0x000000070d200000, 0x000000070d400000|  0%| F|  |TAMS 0x000000070d200000, 0x000000070d200000| Untracked 
|  69|0x000000070d400000, 0x000000070d400000, 0x000000070d600000|  0%| F|  |TAMS 0x000000070d400000, 0x000000070d400000| Untracked 
|  70|0x000000070d600000, 0x000000070d600000, 0x000000070d800000|  0%| F|  |TAMS 0x000000070d600000, 0x000000070d600000| Untracked 
|  71|0x000000070d800000, 0x000000070d800000, 0x000000070da00000|  0%| F|  |TAMS 0x000000070d800000, 0x000000070d800000| Untracked 
|  72|0x000000070da00000, 0x000000070da00000, 0x000000070dc00000|  0%| F|  |TAMS 0x000000070da00000, 0x000000070da00000| Untracked 
|  73|0x000000070dc00000, 0x000000070dc00000, 0x000000070de00000|  0%| F|  |TAMS 0x000000070dc00000, 0x000000070dc00000| Untracked 
|  74|0x000000070de00000, 0x000000070de00000, 0x000000070e000000|  0%| F|  |TAMS 0x000000070de00000, 0x000000070de00000| Untracked 
|  75|0x000000070e000000, 0x000000070e000000, 0x000000070e200000|  0%| F|  |TAMS 0x000000070e000000, 0x000000070e000000| Untracked 
|  76|0x000000070e200000, 0x000000070e200000, 0x000000070e400000|  0%| F|  |TAMS 0x000000070e200000, 0x000000070e200000| Untracked 
|  77|0x000000070e400000, 0x000000070e400000, 0x000000070e600000|  0%| F|  |TAMS 0x000000070e400000, 0x000000070e400000| Untracked 
|  78|0x000000070e600000, 0x000000070e600000, 0x000000070e800000|  0%| F|  |TAMS 0x000000070e600000, 0x000000070e600000| Untracked 
|  79|0x000000070e800000, 0x000000070e800000, 0x000000070ea00000|  0%| F|  |TAMS 0x000000070e800000, 0x000000070e800000| Untracked 
|  80|0x000000070ea00000, 0x000000070ea00000, 0x000000070ec00000|  0%| F|  |TAMS 0x000000070ea00000, 0x000000070ea00000| Untracked 
|  81|0x000000070ec00000, 0x000000070ec00000, 0x000000070ee00000|  0%| F|  |TAMS 0x000000070ec00000, 0x000000070ec00000| Untracked 
|  82|0x000000070ee00000, 0x000000070ee00000, 0x000000070f000000|  0%| F|  |TAMS 0x000000070ee00000, 0x000000070ee00000| Untracked 
|  83|0x000000070f000000, 0x000000070f000000, 0x000000070f200000|  0%| F|  |TAMS 0x000000070f000000, 0x000000070f000000| Untracked 
|  84|0x000000070f200000, 0x000000070f200000, 0x000000070f400000|  0%| F|  |TAMS 0x000000070f200000, 0x000000070f200000| Untracked 
|  85|0x000000070f400000, 0x000000070f400000, 0x000000070f600000|  0%| F|  |TAMS 0x000000070f400000, 0x000000070f400000| Untracked 
|  86|0x000000070f600000, 0x000000070f600000, 0x000000070f800000|  0%| F|  |TAMS 0x000000070f600000, 0x000000070f600000| Untracked 
|  87|0x000000070f800000, 0x000000070f800000, 0x000000070fa00000|  0%| F|  |TAMS 0x000000070f800000, 0x000000070f800000| Untracked 
|  88|0x000000070fa00000, 0x000000070fa00000, 0x000000070fc00000|  0%| F|  |TAMS 0x000000070fa00000, 0x000000070fa00000| Untracked 
|  89|0x000000070fc00000, 0x000000070fc00000, 0x000000070fe00000|  0%| F|  |TAMS 0x000000070fc00000, 0x000000070fc00000| Untracked 
|  90|0x000000070fe00000, 0x000000070fe00000, 0x0000000710000000|  0%| F|  |TAMS 0x000000070fe00000, 0x000000070fe00000| Untracked 
|  91|0x0000000710000000, 0x0000000710000000, 0x0000000710200000|  0%| F|  |TAMS 0x0000000710000000, 0x0000000710000000| Untracked 
|  92|0x0000000710200000, 0x0000000710200000, 0x0000000710400000|  0%| F|  |TAMS 0x0000000710200000, 0x0000000710200000| Untracked 
|  93|0x0000000710400000, 0x0000000710400000, 0x0000000710600000|  0%| F|  |TAMS 0x0000000710400000, 0x0000000710400000| Untracked 
|  94|0x0000000710600000, 0x0000000710600000, 0x0000000710800000|  0%| F|  |TAMS 0x0000000710600000, 0x0000000710600000| Untracked 
|  95|0x0000000710800000, 0x0000000710800000, 0x0000000710a00000|  0%| F|  |TAMS 0x0000000710800000, 0x0000000710800000| Untracked 
|  96|0x0000000710a00000, 0x0000000710a00000, 0x0000000710c00000|  0%| F|  |TAMS 0x0000000710a00000, 0x0000000710a00000| Untracked 
|  97|0x0000000710c00000, 0x0000000710c00000, 0x0000000710e00000|  0%| F|  |TAMS 0x0000000710c00000, 0x0000000710c00000| Untracked 
|  98|0x0000000710e00000, 0x0000000710e00000, 0x0000000711000000|  0%| F|  |TAMS 0x0000000710e00000, 0x0000000710e00000| Untracked 
|  99|0x0000000711000000, 0x0000000711000000, 0x0000000711200000|  0%| F|  |TAMS 0x0000000711000000, 0x0000000711000000| Untracked 
| 100|0x0000000711200000, 0x0000000711200000, 0x0000000711400000|  0%| F|  |TAMS 0x0000000711200000, 0x0000000711200000| Untracked 
| 101|0x0000000711400000, 0x0000000711400000, 0x0000000711600000|  0%| F|  |TAMS 0x0000000711400000, 0x0000000711400000| Untracked 
| 102|0x0000000711600000, 0x0000000711600000, 0x0000000711800000|  0%| F|  |TAMS 0x0000000711600000, 0x0000000711600000| Untracked 
| 103|0x0000000711800000, 0x0000000711800000, 0x0000000711a00000|  0%| F|  |TAMS 0x0000000711800000, 0x0000000711800000| Untracked 
| 104|0x0000000711a00000, 0x0000000711a00000, 0x0000000711c00000|  0%| F|  |TAMS 0x0000000711a00000, 0x0000000711a00000| Untracked 
| 105|0x0000000711c00000, 0x0000000711c00000, 0x0000000711e00000|  0%| F|  |TAMS 0x0000000711c00000, 0x0000000711c00000| Untracked 
| 106|0x0000000711e00000, 0x0000000711e00000, 0x0000000712000000|  0%| F|  |TAMS 0x0000000711e00000, 0x0000000711e00000| Untracked 
| 107|0x0000000712000000, 0x0000000712000000, 0x0000000712200000|  0%| F|  |TAMS 0x0000000712000000, 0x0000000712000000| Untracked 
| 108|0x0000000712200000, 0x0000000712200000, 0x0000000712400000|  0%| F|  |TAMS 0x0000000712200000, 0x0000000712200000| Untracked 
| 109|0x0000000712400000, 0x0000000712400000, 0x0000000712600000|  0%| F|  |TAMS 0x0000000712400000, 0x0000000712400000| Untracked 
| 110|0x0000000712600000, 0x0000000712600000, 0x0000000712800000|  0%| F|  |TAMS 0x0000000712600000, 0x0000000712600000| Untracked 
| 111|0x0000000712800000, 0x0000000712800000, 0x0000000712a00000|  0%| F|  |TAMS 0x0000000712800000, 0x0000000712800000| Untracked 
| 112|0x0000000712a00000, 0x0000000712a00000, 0x0000000712c00000|  0%| F|  |TAMS 0x0000000712a00000, 0x0000000712a00000| Untracked 
| 113|0x0000000712c00000, 0x0000000712e00000, 0x0000000712e00000|100%| S|CS|TAMS 0x0000000712c00000, 0x0000000712c00000| Complete 
| 114|0x0000000712e00000, 0x0000000713000000, 0x0000000713000000|100%| S|CS|TAMS 0x0000000712e00000, 0x0000000712e00000| Complete 
| 115|0x0000000713000000, 0x0000000713000000, 0x0000000713200000|  0%| F|  |TAMS 0x0000000713000000, 0x0000000713000000| Untracked 
| 116|0x0000000713200000, 0x0000000713200000, 0x0000000713400000|  0%| F|  |TAMS 0x0000000713200000, 0x0000000713200000| Untracked 
| 117|0x0000000713400000, 0x0000000713400000, 0x0000000713600000|  0%| F|  |TAMS 0x0000000713400000, 0x0000000713400000| Untracked 
| 118|0x0000000713600000, 0x0000000713600000, 0x0000000713800000|  0%| F|  |TAMS 0x0000000713600000, 0x0000000713600000| Untracked 
| 119|0x0000000713800000, 0x0000000713800000, 0x0000000713a00000|  0%| F|  |TAMS 0x0000000713800000, 0x0000000713800000| Untracked 
| 120|0x0000000713a00000, 0x0000000713a00000, 0x0000000713c00000|  0%| F|  |TAMS 0x0000000713a00000, 0x0000000713a00000| Untracked 
| 121|0x0000000713c00000, 0x0000000713c00000, 0x0000000713e00000|  0%| F|  |TAMS 0x0000000713c00000, 0x0000000713c00000| Untracked 
| 122|0x0000000713e00000, 0x0000000713e00000, 0x0000000714000000|  0%| F|  |TAMS 0x0000000713e00000, 0x0000000713e00000| Untracked 
| 123|0x0000000714000000, 0x0000000714000000, 0x0000000714200000|  0%| F|  |TAMS 0x0000000714000000, 0x0000000714000000| Untracked 
| 124|0x0000000714200000, 0x0000000714200000, 0x0000000714400000|  0%| F|  |TAMS 0x0000000714200000, 0x0000000714200000| Untracked 
| 125|0x0000000714400000, 0x00000007145928d8, 0x0000000714600000| 78%| E|  |TAMS 0x0000000714400000, 0x0000000714400000| Complete 

Card table byte_map: [0x000001f223ec0000,0x000001f2246a0000] _byte_map_base: 0x000001f22069b000

Marking Bits (Prev, Next): (CMBitMap*) 0x000001f20c0221b0, (CMBitMap*) 0x000001f20c0221f0
 Prev Bits: [0x000001f224e80000, 0x000001f228d58000)
 Next Bits: [0x000001f228d60000, 0x000001f22cc38000)

Polling page: 0x000001f20b770000

Metaspace:

Usage:
  Non-class:      4.60 MB used.
      Class:    648.88 KB used.
       Both:      5.24 MB used.

Virtual space:
  Non-class space:       64.00 MB reserved,       4.69 MB (  7%) committed,  1 nodes.
      Class space:        1.00 GB reserved,     768.00 KB ( <1%) committed,  1 nodes.
             Both:        1.06 GB reserved,       5.44 MB ( <1%) committed. 

Chunk freelists:
   Non-Class:  1.66 MB
       Class:  3.27 MB
        Both:  4.93 MB

MaxMetaspaceSize: unlimited
CompressedClassSpaceSize: 1.00 GB
Initial GC threshold: 21.00 MB
Current GC threshold: 21.00 MB
CDS: on
MetaspaceReclaimPolicy: balanced
 - commit_granule_bytes: 65536.
 - commit_granule_words: 8192.
 - virtual_space_node_default_size: 8388608.
 - enlarge_chunks_in_place: 1.
 - new_chunks_are_fully_committed: 0.
 - uncommit_free_chunks: 1.
 - use_allocation_guard: 0.


Internal statistics:

num_allocs_failed_limit: 0.
num_arena_births: 144.
num_arena_deaths: 0.
num_vsnodes_births: 2.
num_vsnodes_deaths: 0.
num_space_committed: 87.
num_space_uncommitted: 0.
num_chunks_returned_to_freelist: 0.
num_chunks_taken_from_freelist: 326.
num_chunk_merges: 0.
num_chunk_splits: 189.
num_chunks_enlarged: 123.
num_inconsistent_stats: 0.

CodeHeap 'non-profiled nmethods': size=120000Kb used=397Kb max_used=397Kb free=119602Kb
 bounds [0x000001f21bc60000, 0x000001f21bed0000, 0x000001f223190000]
CodeHeap 'profiled nmethods': size=120000Kb used=2116Kb max_used=2116Kb free=117883Kb
 bounds [0x000001f214190000, 0x000001f214400000, 0x000001f21b6c0000]
CodeHeap 'non-nmethods': size=5760Kb used=1240Kb max_used=1253Kb free=4520Kb
 bounds [0x000001f21b6c0000, 0x000001f21b930000, 0x000001f21bc60000]
 total_blobs=1642 nmethods=1194 adapters=359
 compilation: enabled
              stopped_count=0, restarted_count=0
 full_count=0

Compilation events (20 events):
Event: 0.464 Thread 0x000001f22f8b7d30 nmethod 1184 0x000001f214399c10 code [0x000001f214399e80, 0x000001f21439a7e8]
Event: 0.464 Thread 0x000001f22f8b7d30 1183       3       java.lang.invoke.InvokerBytecodeGenerator::emitPushArgument (150 bytes)
Event: 0.464 Thread 0x000001f22f8b7d30 nmethod 1183 0x000001f21439ab10 code [0x000001f21439ade0, 0x000001f21439bbc8]
Event: 0.464 Thread 0x000001f22f8b7d30 1182       3       java.lang.invoke.LambdaForm$Name::isParam (13 bytes)
Event: 0.464 Thread 0x000001f22f8b7d30 nmethod 1182 0x000001f21439bf10 code [0x000001f21439c0a0, 0x000001f21439c218]
Event: 0.464 Thread 0x000001f22f8b7d30 1188       3       java.lang.invoke.LambdaForm$Name::<init> (44 bytes)
Event: 0.465 Thread 0x000001f22f8b7d30 nmethod 1188 0x000001f21439c290 code [0x000001f21439c4c0, 0x000001f21439caa8]
Event: 0.465 Thread 0x000001f22f8b7d30 1189       3       java.lang.invoke.LambdaForm$NamedFunction::returnType (11 bytes)
Event: 0.465 Thread 0x000001f22f8b7d30 nmethod 1189 0x000001f21439cd90 code [0x000001f21439cf80, 0x000001f21439d3e8]
Event: 0.465 Thread 0x000001f22f8b7d30 1193       3       sun.invoke.util.BytecodeDescriptor::unparseMethod (66 bytes)
Event: 0.465 Thread 0x000001f22f8b7d30 nmethod 1193 0x000001f21439d610 code [0x000001f21439d840, 0x000001f21439de18]
Event: 0.465 Thread 0x000001f22f8b7d30 1186       3       jdk.internal.org.objectweb.asm.Type::getTypeInternal (218 bytes)
Event: 0.465 Thread 0x000001f233e8e200 nmethod 1185 0x000001f21bcc3210 code [0x000001f21bcc33c0, 0x000001f21bcc3578]
Event: 0.466 Thread 0x000001f22f8b7d30 nmethod 1186 0x000001f21439e110 code [0x000001f21439e460, 0x000001f21439f708]
Event: 0.466 Thread 0x000001f22f8b7d30 1194       3       java.lang.invoke.MethodHandles$Lookup$ClassFile::<init> (20 bytes)
Event: 0.466 Thread 0x000001f22f8b7d30 nmethod 1194 0x000001f21439fd10 code [0x000001f21439fec0, 0x000001f2143a00f8]
Event: 0.466 Thread 0x000001f22f8b7d30 1195       3       java.lang.invoke.MethodHandles$Lookup::makeHiddenClassDefiner (42 bytes)
Event: 0.466 Thread 0x000001f22f8b7d30 nmethod 1195 0x000001f2143a0190 code [0x000001f2143a03a0, 0x000001f2143a0a98]
Event: 0.466 Thread 0x000001f22f8b7d30 1181       3       java.lang.invoke.MemberName$Factory::resolveOrNull (54 bytes)
Event: 0.466 Thread 0x000001f22f8b7d30 nmethod 1181 0x000001f2143a0d10 code [0x000001f2143a0ee0, 0x000001f2143a11a8]

GC Heap History (2 events):
Event: 0.445 GC heap before
{Heap before GC invocations=0 (full 0):
 garbage-first heap   total 258048K, used 22528K [0x0000000704a00000, 0x0000000800000000)
  region size 2048K, 11 young (22528K), 0 survivors (0K)
 Metaspace       used 5015K, committed 5248K, reserved 1114112K
  class space    used 609K, committed 704K, reserved 1048576K
}
Event: 0.448 GC heap after
{Heap after GC invocations=1 (full 0):
 garbage-first heap   total 258048K, used 5560K [0x0000000704a00000, 0x0000000800000000)
  region size 2048K, 2 young (4096K), 2 survivors (4096K)
 Metaspace       used 5015K, committed 5248K, reserved 1114112K
  class space    used 609K, committed 704K, reserved 1048576K
}

Dll operation events (10 events):
Event: 0.008 Loaded shared library C:\Users\yeon2\.jdks\corretto-19.0.2\bin\java.dll
Event: 0.015 Loaded shared library C:\Users\yeon2\.jdks\corretto-19.0.2\bin\jsvml.dll
Event: 0.092 Loaded shared library C:\Users\yeon2\.jdks\corretto-19.0.2\bin\zip.dll
Event: 0.095 Loaded shared library C:\Users\yeon2\.jdks\corretto-19.0.2\bin\instrument.dll
Event: 0.099 Loaded shared library C:\Users\yeon2\.jdks\corretto-19.0.2\bin\net.dll
Event: 0.101 Loaded shared library C:\Users\yeon2\.jdks\corretto-19.0.2\bin\nio.dll
Event: 0.103 Loaded shared library C:\Users\yeon2\.jdks\corretto-19.0.2\bin\zip.dll
Event: 0.111 Loaded shared library D:\IntelliJ IDEA 2023.2.2\IntelliJ IDEA 2023.2.2\bin\breakgen64.dll
Event: 0.117 Loaded shared library C:\Users\yeon2\.jdks\corretto-19.0.2\bin\extnet.dll
Event: 0.170 Loaded shared library C:\Users\yeon2\.jdks\corretto-19.0.2\bin\jimage.dll

Deoptimization events (20 events):
Event: 0.377 Thread 0x000001f20bfb1230 DEOPT PACKING pc=0x000001f21bcb37b4 sp=0x00000010bc7fc270
Event: 0.377 Thread 0x000001f20bfb1230 DEOPT UNPACKING pc=0x000001f21b726da3 sp=0x00000010bc7fc1f8 mode 2
Event: 0.377 Thread 0x000001f20bfb1230 Uncommon trap: trap_request=0xffffffde fr.pc=0x000001f21bcb37b4 relative=0x0000000000000114
Event: 0.377 Thread 0x000001f20bfb1230 Uncommon trap: reason=class_check action=maybe_recompile pc=0x000001f21bcb37b4 method=jdk.internal.misc.Unsafe.allocateUninitializedArray(Ljava/lang/Class;I)Ljava/lang/Object; @ 51 c2
Event: 0.377 Thread 0x000001f20bfb1230 DEOPT PACKING pc=0x000001f21bcb37b4 sp=0x00000010bc7fc220
Event: 0.377 Thread 0x000001f20bfb1230 DEOPT UNPACKING pc=0x000001f21b726da3 sp=0x00000010bc7fc1a8 mode 2
Event: 0.377 Thread 0x000001f20bfb1230 Uncommon trap: trap_request=0xffffffde fr.pc=0x000001f21bcb37b4 relative=0x0000000000000114
Event: 0.377 Thread 0x000001f20bfb1230 Uncommon trap: reason=class_check action=maybe_recompile pc=0x000001f21bcb37b4 method=jdk.internal.misc.Unsafe.allocateUninitializedArray(Ljava/lang/Class;I)Ljava/lang/Object; @ 51 c2
Event: 0.377 Thread 0x000001f20bfb1230 DEOPT PACKING pc=0x000001f21bcb37b4 sp=0x00000010bc7fac20
Event: 0.377 Thread 0x000001f20bfb1230 DEOPT UNPACKING pc=0x000001f21b726da3 sp=0x00000010bc7faba8 mode 2
Event: 0.377 Thread 0x000001f20bfb1230 Uncommon trap: trap_request=0xffffffde fr.pc=0x000001f21bcb37b4 relative=0x0000000000000114
Event: 0.377 Thread 0x000001f20bfb1230 Uncommon trap: reason=class_check action=maybe_recompile pc=0x000001f21bcb37b4 method=jdk.internal.misc.Unsafe.allocateUninitializedArray(Ljava/lang/Class;I)Ljava/lang/Object; @ 51 c2
Event: 0.377 Thread 0x000001f20bfb1230 DEOPT PACKING pc=0x000001f21bcb37b4 sp=0x00000010bc7facc0
Event: 0.377 Thread 0x000001f20bfb1230 DEOPT UNPACKING pc=0x000001f21b726da3 sp=0x00000010bc7fac48 mode 2
Event: 0.423 Thread 0x000001f20bfb1230 DEOPT PACKING pc=0x000001f21423f031 sp=0x00000010bc7fbe60
Event: 0.423 Thread 0x000001f20bfb1230 DEOPT UNPACKING pc=0x000001f21b727543 sp=0x00000010bc7fb368 mode 0
Event: 0.440 Thread 0x000001f20bfb1230 Uncommon trap: trap_request=0xffffff45 fr.pc=0x000001f21bcb89ec relative=0x00000000000000cc
Event: 0.440 Thread 0x000001f20bfb1230 Uncommon trap: reason=unstable_if action=reinterpret pc=0x000001f21bcb89ec method=sun.net.www.ParseUtil.firstEncodeIndex(Ljava/lang/String;)I @ 51 c2
Event: 0.440 Thread 0x000001f20bfb1230 DEOPT PACKING pc=0x000001f21bcb89ec sp=0x00000010bc7fa4f0
Event: 0.440 Thread 0x000001f20bfb1230 DEOPT UNPACKING pc=0x000001f21b726da3 sp=0x00000010bc7fa478 mode 2

Classes loaded (20 events):
Event: 0.439 Loading class java/util/concurrent/LinkedBlockingQueue done
Event: 0.439 Loading class java/util/concurrent/LinkedBlockingQueue$Node
Event: 0.439 Loading class java/util/concurrent/LinkedBlockingQueue$Node done
Event: 0.440 Loading class java/lang/InheritableThreadLocal
Event: 0.440 Loading class java/lang/InheritableThreadLocal done
Event: 0.448 Loading class java/util/concurrent/locks/AbstractQueuedSynchronizer$ExclusiveNode
Event: 0.448 Loading class java/util/concurrent/locks/AbstractQueuedSynchronizer$ExclusiveNode done
Event: 0.451 Loading class java/lang/IndexOutOfBoundsException
Event: 0.451 Loading class java/lang/IndexOutOfBoundsException done
Event: 0.466 Loading class java/net/MalformedURLException
Event: 0.466 Loading class java/net/MalformedURLException done
Event: 0.466 Loading class java/security/Policy
Event: 0.467 Loading class java/security/Policy done
Event: 0.467 Loading class java/security/Policy$UnsupportedEmptyCollection
Event: 0.467 Loading class java/security/Policy$UnsupportedEmptyCollection done
Event: 0.467 Loading class java/security/Policy$PolicyInfo
Event: 0.467 Loading class java/security/Policy$PolicyInfo done
Event: 0.467 Loading class java/security/Policy$1
Event: 0.467 Loading class java/security/Policy$1 done
Event: 0.467 Loading class sun/security/provider/PolicyFile

Classes unloaded (0 events):
No events

Classes redefined (0 events):
No events

Internal exceptions (20 events):
Event: 0.310 Thread 0x000001f20bfb1230 Exception <a 'java/lang/NoSuchMethodError'{0x0000000713770f20}: 'void java.lang.invoke.DirectMethodHandle$Holder.invokeSpecial(java.lang.Object, java.lang.Object, java.lang.Object)'> (0x0000000713770f20) 
thrown [s\src\hotspot\share\interpreter\linkResolver.cpp, line 774]
Event: 0.322 Thread 0x000001f20bfb1230 Exception <a 'java/lang/NoSuchMethodError'{0x00000007137f6b10}: 'java.lang.Object java.lang.invoke.DirectMethodHandle$Holder.newInvokeSpecial(java.lang.Object, java.lang.Object, java.lang.Object, java.lang.Object, java.lang.Object, java.lang.Object)'> (0x00000007137f6b10) 
thrown [s\src\hotspot\share\interpreter\linkResolver.cpp, line 774]
Event: 0.327 Thread 0x000001f20bfb1230 Exception <a 'java/lang/NoSuchMethodError'{0x000000071343d280}: 'void java.lang.invoke.DirectMethodHandle$Holder.invokeInterface(java.lang.Object, java.lang.Object, java.lang.Object, java.lang.Object, java.lang.Object)'> (0x000000071343d280) 
thrown [s\src\hotspot\share\interpreter\linkResolver.cpp, line 774]
Event: 0.327 Thread 0x000001f20bfb1230 Exception <a 'java/lang/IncompatibleClassChangeError'{0x0000000713440f58}: Found class java.lang.Object, but interface was expected> (0x0000000713440f58) 
thrown [s\src\hotspot\share\interpreter\linkResolver.cpp, line 841]
Event: 0.330 Thread 0x000001f20bfb1230 Exception <a 'java/lang/IncompatibleClassChangeError'{0x00000007134698e0}: Found class java.lang.Object, but interface was expected> (0x00000007134698e0) 
thrown [s\src\hotspot\share\interpreter\linkResolver.cpp, line 841]
Event: 0.333 Thread 0x000001f20bfb1230 Exception <a 'java/lang/NoSuchMethodError'{0x0000000713487910}: 'java.lang.Object java.lang.invoke.DirectMethodHandle$Holder.invokeStatic(java.lang.Object, java.lang.Object, int)'> (0x0000000713487910) 
thrown [s\src\hotspot\share\interpreter\linkResolver.cpp, line 774]
Event: 0.342 Thread 0x000001f20bfb1230 Exception <a 'java/lang/NoSuchMethodError'{0x00000007134df470}: 'void java.lang.invoke.DirectMethodHandle$Holder.invokeSpecial(java.lang.Object, java.lang.Object, java.lang.Object, java.lang.Object, java.lang.Object)'> (0x00000007134df470) 
thrown [s\src\hotspot\share\interpreter\linkResolver.cpp, line 774]
Event: 0.349 Thread 0x000001f20bfb1230 Exception <a 'java/lang/NoSuchMethodError'{0x000000071353f4a8}: 'void java.lang.invoke.DirectMethodHandle$Holder.invokeInterface(java.lang.Object, java.lang.Object, java.lang.Object, java.lang.Object)'> (0x000000071353f4a8) 
thrown [s\src\hotspot\share\interpreter\linkResolver.cpp, line 774]
Event: 0.349 Thread 0x000001f20bfb1230 Exception <a 'java/lang/IncompatibleClassChangeError'{0x0000000713542bf8}: Found class java.lang.Object, but interface was expected> (0x0000000713542bf8) 
thrown [s\src\hotspot\share\interpreter\linkResolver.cpp, line 841]
Event: 0.351 Thread 0x000001f20bfb1230 Exception <a 'java/lang/NoSuchMethodError'{0x000000071355db80}: 'void java.lang.invoke.DirectMethodHandle$Holder.invokeStatic(java.lang.Object, java.lang.Object, java.lang.Object, java.lang.Object)'> (0x000000071355db80) 
thrown [s\src\hotspot\share\interpreter\linkResolver.cpp, line 774]
Event: 0.353 Thread 0x000001f20bfb1230 Exception <a 'java/lang/NoSuchMethodError'{0x000000071357ed38}: 'java.lang.Object java.lang.invoke.DirectMethodHandle$Holder.newInvokeSpecial(java.lang.Object, java.lang.Object, int)'> (0x000000071357ed38) 
thrown [s\src\hotspot\share\interpreter\linkResolver.cpp, line 774]
Event: 0.363 Thread 0x000001f20bfb1230 Exception <a 'java/lang/NoSuchMethodError'{0x00000007135e5948}: 'java.lang.Object java.lang.invoke.DirectMethodHandle$Holder.invokeStaticInit(java.lang.Object)'> (0x00000007135e5948) 
thrown [s\src\hotspot\share\interpreter\linkResolver.cpp, line 774]
Event: 0.367 Thread 0x000001f20bfb1230 Exception <a 'java/lang/NoSuchMethodError'{0x00000007132145c8}: 'int java.lang.invoke.DirectMethodHandle$Holder.invokeStatic(java.lang.Object, java.lang.Object, java.lang.Object, java.lang.Object)'> (0x00000007132145c8) 
thrown [s\src\hotspot\share\interpreter\linkResolver.cpp, line 774]
Event: 0.368 Thread 0x000001f20bfb1230 Exception <a 'java/lang/NoSuchMethodError'{0x0000000713217f08}: 'java.lang.Object java.lang.invoke.Invokers$Holder.invokeExact_MT(java.lang.Object, java.lang.Object, java.lang.Object, java.lang.Object, java.lang.Object, java.lang.Object)'> (0x0000000713217f08) 
thrown [s\src\hotspot\share\interpreter\linkResolver.cpp, line 774]
Event: 0.369 Thread 0x000001f20bfb1230 Exception <a 'java/lang/NoSuchMethodError'{0x0000000713227440}: 'int java.lang.invoke.DirectMethodHandle$Holder.invokeStatic(java.lang.Object, java.lang.Object, java.lang.Object, java.lang.Object, java.lang.Object)'> (0x0000000713227440) 
thrown [s\src\hotspot\share\interpreter\linkResolver.cpp, line 774]
Event: 0.376 Thread 0x000001f20bfb1230 Exception <a 'java/lang/NoSuchMethodError'{0x0000000713272e50}: 'void java.lang.invoke.DirectMethodHandle$Holder.invokeStaticInit(java.lang.Object)'> (0x0000000713272e50) 
thrown [s\src\hotspot\share\interpreter\linkResolver.cpp, line 774]
Event: 0.394 Thread 0x000001f20bfb1230 Exception <a 'java/lang/NoSuchMethodError'{0x0000000713319b18}: 'void java.lang.invoke.DirectMethodHandle$Holder.invokeStaticInit(java.lang.Object, java.lang.Object, java.lang.Object, java.lang.Object)'> (0x0000000713319b18) 
thrown [s\src\hotspot\share\interpreter\linkResolver.cpp, line 774]
Event: 0.401 Thread 0x000001f20bfb1230 Exception <a 'java/lang/NoSuchMethodError'{0x0000000713384278}: 'int java.lang.invoke.DirectMethodHandle$Holder.invokeStaticInit(java.lang.Object, java.lang.Object)'> (0x0000000713384278) 
thrown [s\src\hotspot\share\interpreter\linkResolver.cpp, line 774]
Event: 0.464 Thread 0x000001f20bfb1230 Exception <a 'java/lang/NoSuchMethodError'{0x00000007145651d8}: 'java.lang.Object java.lang.invoke.DirectMethodHandle$Holder.invokeSpecial(java.lang.Object, java.lang.Object, java.lang.Object, long, java.lang.Object)'> (0x00000007145651d8) 
thrown [s\src\hotspot\share\interpreter\linkResolver.cpp, line 774]
Event: 0.465 Thread 0x000001f20bfb1230 Exception <a 'java/lang/NoSuchMethodError'{0x0000000714569068}: 'java.lang.Object java.lang.invoke.Invokers$Holder.linkToTargetMethod(java.lang.Object, long, java.lang.Object, java.lang.Object)'> (0x0000000714569068) 
thrown [s\src\hotspot\share\interpreter\linkResolver.cpp, line 774]

VM Operations (12 events):
Event: 0.085 Executing VM operation: HandshakeAllThreads
Event: 0.085 Executing VM operation: HandshakeAllThreads done
Event: 0.114 Executing VM operation: HandshakeAllThreads
Event: 0.114 Executing VM operation: HandshakeAllThreads done
Event: 0.146 Executing VM operation: HandshakeAllThreads
Event: 0.146 Executing VM operation: HandshakeAllThreads done
Event: 0.200 Executing VM operation: HandshakeAllThreads
Event: 0.200 Executing VM operation: HandshakeAllThreads done
Event: 0.258 Executing VM operation: HandshakeAllThreads
Event: 0.258 Executing VM operation: HandshakeAllThreads done
Event: 0.445 Executing VM operation: G1CollectForAllocation
Event: 0.448 Executing VM operation: G1CollectForAllocation done

Events (14 events):
Event: 0.015 Thread 0x000001f20bfb1230 Thread added: 0x000001f20bfb1230
Event: 0.031 Thread 0x000001f22f8a0bd0 Thread added: 0x000001f22f8a0bd0
Event: 0.031 Thread 0x000001f22f8a1600 Thread added: 0x000001f22f8a1600
Event: 0.032 Thread 0x000001f22f8a4540 Thread added: 0x000001f22f8a4540
Event: 0.032 Thread 0x000001f22f8a92f0 Thread added: 0x000001f22f8a92f0
Event: 0.032 Thread 0x000001f22f8a9c20 Thread added: 0x000001f22f8a9c20
Event: 0.032 Thread 0x000001f22f8ab770 Thread added: 0x000001f22f8ab770
Event: 0.032 Thread 0x000001f22f8b5390 Thread added: 0x000001f22f8b5390
Event: 0.032 Thread 0x000001f22f8b7d30 Thread added: 0x000001f22f8b7d30
Event: 0.032 Thread 0x000001f22f8bdbb0 Thread added: 0x000001f22f8bdbb0
Event: 0.081 Thread 0x000001f233ce0370 Thread added: 0x000001f233ce0370
Event: 0.112 Thread 0x000001f233dcb570 Thread added: 0x000001f233dcb570
Event: 0.112 Thread 0x000001f233da13e0 Thread added: 0x000001f233da13e0
Event: 0.128 Thread 0x000001f233e8e200 Thread added: 0x000001f233e8e200


Dynamic libraries:
0x00007ff6e53c0000 - 0x00007ff6e53cd000 	C:\Users\yeon2\.jdks\corretto-19.0.2\bin\java.exe
0x00007ffba5090000 - 0x00007ffba52a7000 	C:\windows\SYSTEM32\ntdll.dll
0x00007ffba3a90000 - 0x00007ffba3b54000 	C:\windows\System32\KERNEL32.DLL
0x00007ffba2a30000 - 0x00007ffba2dd5000 	C:\windows\System32\KERNELBASE.dll
0x00007ffba2400000 - 0x00007ffba2511000 	C:\windows\System32\ucrtbase.dll
0x00007ffb9d320000 - 0x00007ffb9d335000 	C:\Users\yeon2\.jdks\corretto-19.0.2\bin\VCRUNTIME140.dll
0x00007ffb9d250000 - 0x00007ffb9d267000 	C:\Users\yeon2\.jdks\corretto-19.0.2\bin\jli.dll
0x00007ffba4380000 - 0x00007ffba452e000 	C:\windows\System32\USER32.dll
0x00007ffba2520000 - 0x00007ffba2546000 	C:\windows\System32\win32u.dll
0x00007ffba47c0000 - 0x00007ffba47e9000 	C:\windows\System32\GDI32.dll
0x00007ffba2910000 - 0x00007ffba2a29000 	C:\windows\System32\gdi32full.dll
0x00007ffba2780000 - 0x00007ffba281a000 	C:\windows\System32\msvcp_win.dll
0x00007ffb8fec0000 - 0x00007ffb90153000 	C:\windows\WinSxS\amd64_microsoft.windows.common-controls_6595b64144ccf1df_6.0.22621.2506_none_270c5ae97388e100\COMCTL32.dll
0x00007ffba3f10000 - 0x00007ffba3fb7000 	C:\windows\System32\msvcrt.dll
0x00007ffba35b0000 - 0x00007ffba35e1000 	C:\windows\System32\IMM32.DLL
0x00007ffb92830000 - 0x00007ffb928cb000 	C:\Users\yeon2\.jdks\corretto-19.0.2\bin\msvcp140.dll
0x00007ffb52850000 - 0x00007ffb53529000 	C:\Users\yeon2\.jdks\corretto-19.0.2\bin\server\jvm.dll
0x00007ffba2fc0000 - 0x00007ffba3071000 	C:\windows\System32\ADVAPI32.dll
0x00007ffba3500000 - 0x00007ffba35a6000 	C:\windows\System32\sechost.dll
0x00007ffba4160000 - 0x00007ffba4277000 	C:\windows\System32\RPCRT4.dll
0x00007ffb7d390000 - 0x00007ffb7d399000 	C:\windows\SYSTEM32\WSOCK32.dll
0x00007ffb87b60000 - 0x00007ffb87b6a000 	C:\windows\SYSTEM32\VERSION.dll
0x00007ffb972e0000 - 0x00007ffb97314000 	C:\windows\SYSTEM32\WINMM.dll
0x00007ffba3820000 - 0x00007ffba3891000 	C:\windows\System32\WS2_32.dll
0x00007ffba1460000 - 0x00007ffba1478000 	C:\windows\SYSTEM32\kernel.appcore.dll
0x00007ffb9ed80000 - 0x00007ffb9ed8a000 	C:\Users\yeon2\.jdks\corretto-19.0.2\bin\jimage.dll
0x00007ffb9fb40000 - 0x00007ffb9fd73000 	C:\windows\SYSTEM32\DBGHELP.DLL
0x00007ffba3b80000 - 0x00007ffba3f09000 	C:\windows\System32\combase.dll
0x00007ffba2e30000 - 0x00007ffba2f07000 	C:\windows\System32\OLEAUT32.dll
0x00007ffb86d80000 - 0x00007ffb86db2000 	C:\windows\SYSTEM32\dbgcore.DLL
0x00007ffba2890000 - 0x00007ffba290a000 	C:\windows\System32\bcryptPrimitives.dll
0x00007ffb9ed50000 - 0x00007ffb9ed5e000 	C:\Users\yeon2\.jdks\corretto-19.0.2\bin\instrument.dll
0x00007ffb973d0000 - 0x00007ffb973f6000 	C:\Users\yeon2\.jdks\corretto-19.0.2\bin\java.dll
0x00007ffb90f70000 - 0x00007ffb91046000 	C:\Users\yeon2\.jdks\corretto-19.0.2\bin\jsvml.dll
0x00007ffba47f0000 - 0x00007ffba5049000 	C:\windows\System32\SHELL32.dll
0x00007ffba02d0000 - 0x00007ffba0bc4000 	C:\windows\SYSTEM32\windows.storage.dll
0x00007ffba0190000 - 0x00007ffba02ce000 	C:\windows\SYSTEM32\wintypes.dll
0x00007ffba45d0000 - 0x00007ffba46c3000 	C:\windows\System32\SHCORE.dll
0x00007ffba37c0000 - 0x00007ffba381e000 	C:\windows\System32\shlwapi.dll
0x00007ffba2330000 - 0x00007ffba2356000 	C:\windows\SYSTEM32\profapi.dll
0x00007ffb97360000 - 0x00007ffb97378000 	C:\Users\yeon2\.jdks\corretto-19.0.2\bin\zip.dll
0x00007ffb9d230000 - 0x00007ffb9d243000 	C:\Users\yeon2\.jdks\corretto-19.0.2\bin\net.dll
0x00007ffb9bf70000 - 0x00007ffb9c0a7000 	C:\windows\SYSTEM32\WINHTTP.dll
0x00007ffba1970000 - 0x00007ffba19d9000 	C:\windows\system32\mswsock.dll
0x00007ffb97380000 - 0x00007ffb97395000 	C:\Users\yeon2\.jdks\corretto-19.0.2\bin\nio.dll
0x00007ffb97040000 - 0x00007ffb9705a000 	D:\IntelliJ IDEA 2023.2.2\IntelliJ IDEA 2023.2.2\bin\breakgen64.dll
0x00007ffb9b310000 - 0x00007ffb9b318000 	C:\Users\yeon2\.jdks\corretto-19.0.2\bin\extnet.dll

dbghelp: loaded successfully - version: 4.0.5 - missing functions: none
symbol engine: initialized successfully - sym options: 0x614 - pdb path: .;C:\Users\yeon2\.jdks\corretto-19.0.2\bin;C:\windows\SYSTEM32;C:\windows\WinSxS\amd64_microsoft.windows.common-controls_6595b64144ccf1df_6.0.22621.2506_none_270c5ae97388e100;C:\Users\yeon2\.jdks\corretto-19.0.2\bin\server;D:\IntelliJ IDEA 2023.2.2\IntelliJ IDEA 2023.2.2\bin

VM Arguments:
jvm_args: -ea -Didea.test.cyclic.buffer.size=1048576 -javaagent:D:\IntelliJ IDEA 2023.2.2\IntelliJ IDEA 2023.2.2\lib\idea_rt.jar=10377:D:\IntelliJ IDEA 2023.2.2\IntelliJ IDEA 2023.2.2\bin -Dfile.encoding=UTF-8 -Dsun.stdout.encoding=UTF-8 -Dsun.stderr.encoding=UTF-8 
java_command: com.intellij.rt.junit.JUnitStarter -ideVersion5 -junit5 com.cornstory.ChatTests
java_class_path (initial): C:\Users\yeon2\.m2\repository\org\junit\platform\junit-platform-launcher\1.10.1\junit-platform-launcher-1.10.1.jar;D:\IntelliJ IDEA 2023.2.2\IntelliJ IDEA 2023.2.2\lib\idea_rt.jar;D:\IntelliJ IDEA 2023.2.2\IntelliJ IDEA 2023.2.2\plugins\junit\lib\junit5-rt.jar;D:\IntelliJ IDEA 2023.2.2\IntelliJ IDEA 2023.2.2\plugins\junit\lib\junit-rt.jar;D:\intelliJ\bitcamp\Cornstory\target\test-classes;D:\intelliJ\bitcamp\Cornstory\target\classes;C:\Users\yeon2\.m2\repository\org\springframework\boot\spring-boot-starter-web\3.2.0\spring-boot-starter-web-3.2.0.jar;C:\Users\yeon2\.m2\repository\org\springframework\boot\spring-boot-starter\3.2.0\spring-boot-starter-3.2.0.jar;C:\Users\yeon2\.m2\repository\org\springframework\boot\spring-boot-starter-logging\3.2.0\spring-boot-starter-logging-3.2.0.jar;C:\Users\yeon2\.m2\repository\ch\qos\logback\logback-classic\1.4.11\logback-classic-1.4.11.jar;C:\Users\yeon2\.m2\repository\ch\qos\logback\logback-core\1.4.11\logback-core-1.4.11.jar;C:\Users\yeon2\.m2\repository\org\apache\logging\log4j\log4j-to-slf4j\2.21.1\log4j-to-slf4j-2.21.1.jar;C:\Users\yeon2\.m2\repository\org\apache\logging\log4j\log4j-api\2.21.1\log4j-api-2.21.1.jar;C:\Users\yeon2\.m2\repository\org\slf4j\jul-to-slf4j\2.0.9\jul-to-slf4j-2.0.9.jar;C:\Users\yeon2\.m2\repository\jakarta\annotation\jakarta.annotation-api\2.1.1\jakarta.annotation-api-2.1.1.jar;C:\Users\yeon2\.m2\repository\org\yaml\snakeyaml\2.2\snakeyaml-2.2.jar;C:\Users\yeon2\.m2\repository\org\springframework\boot\spring-boot-starter-json\3.2.0\spring-boot-starter-json-3.2.0.jar;C:\Users\yeon2\.m2\repository\com\fasterxml\jackson\core\jackson-databind\2.15.3\jackson-databind-2.15.3.jar;C:\Users\yeon2\.m2\repository\com\fasterxml\jackson\core\jackson-annotations\2.15.3\jackson-annotations-2.15.3.jar;C:\Users\yeon2\.m2\repository\com\fasterxml\jackson\core\jackson-core\2.15.3\jackson-core-2.15.3.jar;C:\Users\yeon2\.m2\repository\com\fasterxml\jackson\datatype\jackson-datatype-jdk8\2.15.3\jackson-datatype-jdk8-2.15.3.jar;C:\Users\yeon2\.m2\repository\com\fasterxml\jackson\datatype\jackson-datatype-jsr310\2.15.3\jackson-datatype-jsr310-2.15.3.jar;C:\Users\yeon2\.m2\repository\com\fasterxml\jackson\module\jackson-module-parameter-names\2.15.3\jackson-module-parameter-names-2.15.3.jar;C:\Users\yeon2\.m2\repository\org\springframework\boot\spring-boot-starter-tomcat\3.2.0\spring-boot-starter-tomcat-3.2.0.jar;C:\Users\yeon2\.m2\repository\org\apache\tomcat\embed\tomcat-embed-core\10.1.16\tomcat-embed-core-10.1.16.jar;C:\Users\yeon2\.m2\repository\org\apache\tomcat\embed\tomcat-embed-el\10.1.16\tomcat-embed-el-10.1.16.jar;C:\Users\yeon2\.m2\repository\org\apache\tomcat\embed\tomcat-embed-websocket\10.1.16\tomcat-embed-websocket-10.1.16.jar;C:\Users\yeon2\.m2\repository\org\springframework\spring-web\6.1.1\spring-web-6.1.1.jar;C:\Users\yeon2\.m2\repository\org\springframework\spring-beans\6.1.1\spring-beans-6.1.1.jar;C:\Users\yeon2\.m2\repository\io\micrometer\micrometer-observation\1.12.0\micrometer-observation-1.12.0.jar;C:\Users\yeon2\.m2\repository\io\micrometer\micrometer-commons\1.12.0\micrometer-commons-1.12.0.jar;C:\Users\yeon2\.m2\repository\org\springframework\spring-webmvc\6.1.1\spring-webmvc-6.1.1.jar;C:\Users\yeon2\.m2\repository\org\springframework\spring-aop\6.1.1\spring-aop-6.1.1.jar;C:\Users\yeon2\.m2\repository\org\springframework\spring-context\6.1.1\spring-context-6.1.1.jar;C:\Users\yeon2\.m2\repository\org\springframework\spring-expression\6.1.1\spring-expression-6.1.1.jar;C:\Users\yeon2\.m2\repository\org\mybatis\spring\boot\mybatis-spring-boot-starter\3.0.3\mybatis-spring-boot-starter-3.0.3.jar;C:\Users\yeon2\.m2\repository\org\springframework\boot\spring-boot-starter-jdbc\3.2.0\spring-boot-starter-jdbc-3.2.0.jar;C:\Users\yeon2\.m2\repository\com\zaxxer\HikariCP\5.0.1\HikariCP-5.0.1.jar;C:\Users\yeon2\.m2\repository\org\springframework\spring-jdbc\6.1.1\spring-jdbc-6.1.1.jar;C:\Users\yeon2\.m2\repository\org\mybatis\spring\boot\mybatis-spring-boot-autoconfigure\3.0.3\mybatis-spring-boot-autoconfigure-3.0.3.jar;C:\Users\yeon2\.m2\repository\org\mybatis\mybatis\3.5.14\mybatis-3.5.14.jar;C:\Users\yeon2\.m2\repository\org\mybatis\mybatis-spring\3.0.3\mybatis-spring-3.0.3.jar;C:\Users\yeon2\.m2\repository\org\springframework\boot\spring-boot-devtools\3.2.0\spring-boot-devtools-3.2.0.jar;C:\Users\yeon2\.m2\repository\org\springframework\boot\spring-boot\3.2.0\spring-boot-3.2.0.jar;C:\Users\yeon2\.m2\repository\org\springframework\boot\spring-boot-autoconfigure\3.2.0\spring-boot-autoconfigure-3.2.0.jar;C:\Users\yeon2\.m2\repository\com\mysql\mysql-connector-j\8.1.0\mysql-connector-j-8.1.0.jar;C:\Users\yeon2\.m2\repository\org\springframework\boot\spring-boot-starter-test\3.2.0\spring-boot-starter-test-3.2.0.jar;C:\Users\yeon2\.m2\repository\org\springframework\boot\spring-boot-test\3.2.0\spring-boot-test-3.2.0.jar;C:\Users\yeon2\.m2\repository\org\springframework\boot\spring-boot-test-autoconfigure\3.2.0\spring-boot-test-autoconfigure-3.2.0.jar;C:\Users\yeon2\.m2\repository\com\jayway\jsonpath\json-path\2.8.0\json-path-2.8.0.jar;C:\Users\yeon2\.m2\repository\org\slf4j\slf4j-api\2.0.9\slf4j-api-2.0.9.jar;C:\Users\yeon2\.m2\repository\jakarta\xml\bind\jakarta.xml.bind-api\4.0.1\jakarta.xml.bind-api-4.0.1.jar;C:\Users\yeon2\.m2\repository\jakarta\activation\jakarta.activation-api\2.1.2\jakarta.activation-api-2.1.2.jar;C:\Users\yeon2\.m2\repository\net\minidev\json-smart\2.5.0\json-smart-2.5.0.jar;C:\Users\yeon2\.m2\repository\net\minidev\accessors-smart\2.5.0\accessors-smart-2.5.0.jar;C:\Users\yeon2\.m2\repository\org\ow2\asm\asm\9.3\asm-9.3.jar;C:\Users\yeon2\.m2\repository\org\assertj\assertj-core\3.24.2\assertj-core-3.24.2.jar;C:\Users\yeon2\.m2\repository\net\bytebuddy\byte-buddy\1.14.10\byte-buddy-1.14.10.jar;C:\Users\yeon2\.m2\repository\org\awaitility\awaitility\4.2.0\awaitility-4.2.0.jar;C:\Users\yeon2\.m2\repository\org\hamcrest\hamcrest\2.2\hamcrest-2.2.jar;C:\Users\yeon2\.m2\repository\org\junit\jupiter\junit-jupiter\5.10.1\junit-jupiter-5.10.1.jar;C:\Users\yeon2\.m2\repository\org\junit\jupiter\junit-jupiter-api\5.10.1\junit-jupiter-api-5.10.1.jar;C:\Users\yeon2\.m2\repository\org\opentest4j\opentest4j\1.3.0\opentest4j-1.3.0.jar;C:\Users\yeon2\.m2\repository\org\junit\platform\junit-platform-commons\1.10.1\junit-platform-commons-1.10.1.jar;C:\Users\yeon2\.m2\repository\org\apiguardian\apiguardian-api\1.1.2\apiguardian-api-1.1.2.jar;C:\Users\yeon2\.m2\repository\org\junit\jupiter\junit-jupiter-params\5.10.1\junit-jupiter-params-5.10.1.jar;C:\Users\yeon2\.m2\repository\org\junit\jupiter\junit-jupiter-engine\5.10.1\junit-jupiter-engine-5.10.1.jar;C:\Users\yeon2\.m2\repository\org\junit\platform\junit-platform-engine\1.10.1\junit-platform-engine-1.10.1.jar;C:\Users\yeon2\.m2\repository\org\mockito\mockito-core\5.7.0\mockito-core-5.7.0.jar;C:\Users\yeon2\.m2\repository\net\bytebuddy\byte-buddy-agent\1.14.10\byte-buddy-agent-1.14.10.jar;C:\Users\yeon2\.m2\repository\org\objenesis\objenesis\3.3\objenesis-3.3.jar;C:\Users\yeon2\.m2\repository\org\mockito\mockito-junit-jupiter\5.7.0\mockito-junit-jupiter-5.7.0.jar;C:\Users\yeon2\.m2\repository\org\skyscreamer\jsonassert\1.5.1\jsonassert-1.5.1.jar;C:\Users\yeon2\.m2\repository\com\vaadin\external\google\android-json\0.0.20131108.vaadin1\android-json-0.0.20131108.vaadin1.jar;C:\Users\yeon2\.m2\repository\org\springframework\spring-core\6.1.1\spring-core-6.1.1.jar;C:\Users\yeon2\.m2\repository\org\springframework\spring-jcl\6.1.1\spring-jcl-6.1.1.jar;C:\Users\yeon2\.m2\repository\org\springframework\spring-test\6.1.1\spring-test-6.1.1.jar;C:\Users\yeon2\.m2\repository\org\xmlunit\xmlunit-core\2.9.1\xmlunit-core-2.9.1.jar;C:\Users\yeon2\.m2\repository\org\mybatis\spring\boot\mybatis-spring-boot-starter-test\3.0.3\mybatis-spring-boot-starter-test-3.0.3.jar;C:\Users\yeon2\.m2\repository\org\mybatis\spring\boot\mybatis-spring-boot-test-autoconfigure\3.0.3\mybatis-spring-boot-test-autoconfigure-3.0.3.jar;C:\Users\yeon2\.m2\repository\org\springframework\spring-tx\6.1.1\spring-tx-6.1.1.jar;C:\Users\yeon2\.m2\repository\org\springframework\boot\spring-boot-starter-data-mongodb\3.2.0\spring-boot-starter-data-mongodb-3.2.0.jar;C:\Users\yeon2\.m2\repository\org\mongodb\mongodb-driver-sync\4.11.1\mongodb-driver-sync-4.11.1.jar;C:\Users\yeon2\.m2\repository\org\mongodb\bson\4.11.1\bson-4.11.1.jar;C:\Users\yeon2\.m2\repository\org\mongodb\mongodb-driver-core\4.11.1\mongodb-driver-core-4.11.1.jar;C:\Users\yeon2\.m2\repository\org\mongodb\bson-record-codec\4.11.1\bson-record-codec-4.11.1.jar;C:\Users\yeon2\.m2\repository\org\springframework\data\spring-data-mongodb\4.2.0\spring-data-mongodb-4.2.0.jar;C:\Users\yeon2\.m2\repository\org\springframework\data\spring-data-commons\3.2.0\spring-data-commons-3.2.0.jar
Launcher Type: SUN_STANDARD

[Global flags]
     intx CICompilerCount                          = 4                                         {product} {ergonomic}
     uint ConcGCThreads                            = 3                                         {product} {ergonomic}
     uint G1ConcRefinementThreads                  = 10                                        {product} {ergonomic}
   size_t G1HeapRegionSize                         = 2097152                                   {product} {ergonomic}
    uintx GCDrainStackTargetSize                   = 64                                        {product} {ergonomic}
   size_t InitialHeapSize                          = 264241152                                 {product} {ergonomic}
   size_t MarkStackSize                            = 4194304                                   {product} {ergonomic}
   size_t MaxHeapSize                              = 4217372672                                {product} {ergonomic}
   size_t MaxNewSize                               = 2529165312                                {product} {ergonomic}
   size_t MinHeapDeltaBytes                        = 2097152                                   {product} {ergonomic}
   size_t MinHeapSize                              = 8388608                                   {product} {ergonomic}
    uintx NonNMethodCodeHeapSize                   = 5839372                                {pd product} {ergonomic}
    uintx NonProfiledCodeHeapSize                  = 122909434                              {pd product} {ergonomic}
    uintx ProfiledCodeHeapSize                     = 122909434                              {pd product} {ergonomic}
    uintx ReservedCodeCacheSize                    = 251658240                              {pd product} {ergonomic}
     bool SegmentedCodeCache                       = true                                      {product} {ergonomic}
   size_t SoftMaxHeapSize                          = 4217372672                             {manageable} {ergonomic}
     bool UseCompressedClassPointers               = true                           {product lp64_product} {ergonomic}
     bool UseCompressedOops                        = true                           {product lp64_product} {ergonomic}
     bool UseG1GC                                  = true                                      {product} {ergonomic}
     bool UseLargePagesIndividualAllocation        = false                                  {pd product} {ergonomic}

Logging:
Log output configuration:
 #0: stdout all=warning uptime,level,tags foldmultilines=false
 #1: stderr all=off uptime,level,tags foldmultilines=false

Environment Variables:
JAVA_HOME=D:\JAVA\jdk-17
PATH=D:\JAVA\jdk-17\bin;C:\Program Files\Common Files\Oracle\Java\javapath;D:\Oracle21C\dbhomeXE\bin;C:\Program Files (x86)\Common Files\Oracle\Java\javapath;C:\windows\system32;C:\windows;C:\windows\System32\Wbem;C:\windows\System32\WindowsPowerShell\v1.0\;C:\windows\System32\OpenSSH\;D:\putty\;C:\Program Files\Git\cmd;D:\nodejs\;D:\MongoDB\Server\7.0\bin;C:\Users\yeon2\AppData\Local\Microsoft\WindowsApps;D:\IntelliJ IDEA 2023.2.2\IntelliJ IDEA 2023.2.2\bin;;C:\Users\yeon2\AppData\Roaming\npm;D:\Microsoft VS Code\bin;D:\MongoDB\Server\7.0\bin;D:\MongoDB\mongosh\
USERNAME=yeon2
OS=Windows_NT
PROCESSOR_IDENTIFIER=Intel64 Family 6 Model 154 Stepping 4, GenuineIntel
TMP=C:\Users\yeon2\AppData\Local\Temp
TEMP=C:\Users\yeon2\AppData\Local\Temp



---------------  S Y S T E M  ---------------

OS:
 Windows 11 , 64 bit Build 22621 (10.0.22621.2506)
OS uptime: 3 days 9:17 hours
Hyper-V role detected

CPU: total 12 (initial active 12) (6 cores per cpu, 2 threads per core) family 6 model 154 stepping 4 microcode 0x423, cx8, cmov, fxsr, ht, mmx, 3dnowpref, sse, sse2, sse3, ssse3, sse4.1, sse4.2, popcnt, lzcnt, tsc, tscinvbit, avx, avx2, aes, erms, clmul, bmi1, bmi2, adx, sha, fma, vzeroupper, clflush, clflushopt, clwb, hv, serialize, rdtscp, rdpid, fsrm

Memory: 4k page, system-wide physical 16086M (3094M free)
TotalPageFile size 18134M (AvailPageFile size 5M)
current process WorkingSet (physical memory assigned to process): 80M, peak: 80M
current process commit charge ("private bytes"): 362M, peak: 362M

vm_info: OpenJDK 64-Bit Server VM (19.0.2+7-FR) for windows-amd64 JRE (19.0.2+7-FR), built on Jan 13 2023 22:53:32 by "Administrator" with MS VC++ 15.9 (VS2017)

END.
